<?xml version="1.0" encoding="utf-8"?>
<TestRun id="0c16d15a-4f33-4a50-a375-c73fa9d1e6dd" name="kurt@DESKTOP 2024-02-22 08:34:34"
  runUser="DESKTOP\kurt" xmlns="http://microsoft.com/schemas/VisualStudio/TeamTest/2010">
  <Times creation="2024-02-22T08:34:34.4183138+10:00" queuing="2024-02-22T08:34:34.4183141+10:00"
    start="2024-02-22T08:34:33.7957530+10:00" finish="2024-02-22T08:34:34.4450893+10:00" />
  <TestSettings name="default" id="92a74a31-bac6-48a1-8d6e-4c76e1124a4d">
    <Deployment runDeploymentRoot="DESKTOP_2024-02-22_08_34_34" />
  </TestSettings>
  <Results>
    <UnitTestResult executionId="4d50ad95-7af6-41c2-a00d-0b3b1cbf4cae"
      testId="80ffe5e7-390e-7a11-4b21-8969639ebf48" testName="SkipTest"
      computerName="DESKTOP" startTime="2024-02-22T08:34:34.2736657+10:00"
      endTime="2024-02-22T08:34:34.2745709+10:00" testType="13cdc9d9-ddb5-4fa4-a97d-d965ccfc6d4b"
      outcome="NotExecuted" testListId="8c84fa94-04c1-424b-9868-57a2d4851a1d"
      relativeResultsDirectory="4d50ad95-7af6-41c2-a00d-0b3b1cbf4cae">
      <Output>
        <ErrorInfo>
          <Message>Skipped</Message>
        </ErrorInfo>
      </Output>
    </UnitTestResult>
    <UnitTestResult executionId="864ed4b4-6916-4f47-935c-5343b950f3de"
      testId="6d870c01-332d-4774-bd82-26af6dcd01cf" testName="PassingTest"
      computerName="DESKTOP" duration="00:00:00.0002402"
      startTime="2024-02-22T08:34:34.2716543+10:00" endTime="2024-02-22T08:34:34.2720049+10:00"
      testType="13cdc9d9-ddb5-4fa4-a97d-d965ccfc6d4b" outcome="Passed"
      testListId="8c84fa94-04c1-424b-9868-57a2d4851a1d"
      relativeResultsDirectory="864ed4b4-6916-4f47-935c-5343b950f3de">
      <Output>
        <StdOut>TestContext Messages:&#xD;
          Running SampleProject.Tests.MSTest tests</StdOut>
      </Output>
    </UnitTestResult>
    <UnitTestResult executionId="ec581bfe-8a90-413a-8752-ce8de2b69da0"
      testId="4652d5d4-fc4b-ff90-6049-8df5395edd54" testName="AttachImage"
      computerName="DESKTOP" duration="00:00:00.0022363"
      startTime="2024-02-22T08:34:34.2332704+10:00" endTime="2024-02-22T08:34:34.2465395+10:00"
      testType="13cdc9d9-ddb5-4fa4-a97d-d965ccfc6d4b" outcome="Passed"
      testListId="8c84fa94-04c1-424b-9868-57a2d4851a1d"
      relativeResultsDirectory="ec581bfe-8a90-413a-8752-ce8de2b69da0">
      <Output>
        <StdOut>TestContext Messages:&#xD;
          Attach an image</StdOut>
      </Output>
      <ResultFiles>
        <ResultFile path="DESKTOP\attachmentSample.png" />
      </ResultFiles>
    </UnitTestResult>
    <UnitTestResult executionId="433c548b-0382-43ae-a475-b6637f91613d"
      testId="5ad9593d-0e23-dfbd-b632-a9c0e033ef88" testName="TestTheory (False)"
      computerName="DESKTOP" duration="00:00:00.0168101"
      startTime="2024-02-22T08:34:34.2543328+10:00" endTime="2024-02-22T08:34:34.2715465+10:00"
      testType="13cdc9d9-ddb5-4fa4-a97d-d965ccfc6d4b" outcome="Failed"
      testListId="8c84fa94-04c1-424b-9868-57a2d4851a1d"
      relativeResultsDirectory="433c548b-0382-43ae-a475-b6637f91613d">
      <Output>
        <StdOut>TestContext Messages:&#xD;
          Running SampleProject.Tests.MSTest tests</StdOut>
        <ErrorInfo>
          <Message>Assert.AreEqual failed. Expected:&lt;False&gt;. Actual:&lt;True&gt;. </Message>
          <StackTrace> at SampleProject.MSTest.TestServiceTests.TestTheory(Boolean expected) in
            C:\Dev\LiquidTestReports\test\SampleProject\SampleProject.Tests.MSTest\TestServiceTests.cs:line
            34&#xD;
            at InvokeStub_TestServiceTests.TestTheory(Object, Span`1)&#xD;
            at System.Reflection.MethodBaseInvoker.InvokeWithOneArg(Object obj, BindingFlags
            invokeAttr, Binder binder, Object[] parameters, CultureInfo culture)&#xD;
          </StackTrace>
        </ErrorInfo>
      </Output>
    </UnitTestResult>
    <UnitTestResult executionId="54eb6bb3-3355-4e41-84b0-7da362b5a8ef"
      testId="5ff6dcb6-59d9-e03d-13f5-8cd4028dd6a8" testName="TestThrowingException"
      computerName="DESKTOP" duration="00:00:00.0011977"
      startTime="2024-02-22T08:34:34.2720344+10:00" endTime="2024-02-22T08:34:34.2733095+10:00"
      testType="13cdc9d9-ddb5-4fa4-a97d-d965ccfc6d4b" outcome="Failed"
      testListId="8c84fa94-04c1-424b-9868-57a2d4851a1d"
      relativeResultsDirectory="54eb6bb3-3355-4e41-84b0-7da362b5a8ef">
      <Output>
        <StdOut>TestContext Messages:&#xD;
          Running SampleProject.Tests.MSTest tests</StdOut>
        <ErrorInfo>
          <Message>Test method SampleProject.MSTest.TestServiceTests.TestThrowingException threw
            exception: &#xD;
            System.Exception: Pretty good exception</Message>
          <StackTrace> at SampleProject.TestService.GetException() in
            C:\Dev\LiquidTestReports\test\SampleProject\SampleProject\TestService.cs:line 19&#xD;
            at SampleProject.MSTest.TestServiceTests.TestThrowingException() in
            C:\Dev\LiquidTestReports\test\SampleProject\SampleProject.Tests.MSTest\TestServiceTests.cs:line
            59&#xD;
            at System.RuntimeMethodHandle.InvokeMethod(Object target, Void** arguments, Signature
            sig, Boolean isConstructor)&#xD;
            at System.Reflection.MethodBaseInvoker.InvokeWithNoArgs(Object obj, BindingFlags
            invokeAttr)&#xD;
          </StackTrace>
        </ErrorInfo>
      </Output>
    </UnitTestResult>
    <UnitTestResult executionId="f679f794-402d-4b85-9940-9a9bc80fb58d"
      testId="dcecfeee-3998-3d8c-a5d6-9411bf1f1b06" testName="FailTest"
      computerName="DESKTOP" duration="00:00:00.0002237"
      startTime="2024-02-22T08:34:34.2733416+10:00" endTime="2024-02-22T08:34:34.2736384+10:00"
      testType="13cdc9d9-ddb5-4fa4-a97d-d965ccfc6d4b" outcome="Failed"
      testListId="8c84fa94-04c1-424b-9868-57a2d4851a1d"
      relativeResultsDirectory="f679f794-402d-4b85-9940-9a9bc80fb58d">
      <Output>
        <StdOut>TestContext Messages:&#xD;
          Running SampleProject.Tests.MSTest tests&#xD;
          This test will fail</StdOut>
        <ErrorInfo>
          <Message>Assert.IsTrue failed. </Message>
          <StackTrace> at SampleProject.MSTest.TestServiceTests.FailTest() in
            C:\Dev\LiquidTestReports\test\SampleProject\SampleProject.Tests.MSTest\TestServiceTests.cs:line
            70&#xD;
            at System.RuntimeMethodHandle.InvokeMethod(Object target, Void** arguments, Signature
            sig, Boolean isConstructor)&#xD;
            at System.Reflection.MethodBaseInvoker.InvokeWithNoArgs(Object obj, BindingFlags
            invokeAttr)&#xD;
          </StackTrace>
        </ErrorInfo>
      </Output>
    </UnitTestResult>
    <UnitTestResult executionId="c1336745-071b-4940-bba2-30d0ab29f8f7"
      testId="ae55401e-90fd-ea6e-f1b9-ca0287d112ac" testName="TestTheory (True)"
      computerName="DESKTOP" duration="00:00:00.0008716"
      startTime="2024-02-22T08:34:34.2508552+10:00" endTime="2024-02-22T08:34:34.2540553+10:00"
      testType="13cdc9d9-ddb5-4fa4-a97d-d965ccfc6d4b" outcome="Passed"
      testListId="8c84fa94-04c1-424b-9868-57a2d4851a1d"
      relativeResultsDirectory="c1336745-071b-4940-bba2-30d0ab29f8f7">
      <Output>
        <StdOut>TestContext Messages:&#xD;
          Running SampleProject.Tests.MSTest tests</StdOut>
      </Output>
    </UnitTestResult>
  </Results>
  <TestDefinitions>
    <UnitTest name="PassingTest"
      storage="c:\dev\liquidtestreports\test\sampleproject\sampleproject.tests.mstest\bin\debug\net8.0\sampleproject.mstest.dll"
      id="6d870c01-332d-4774-bd82-26af6dcd01cf">
      <Execution id="864ed4b4-6916-4f47-935c-5343b950f3de" />
      <TestMethod
        codeBase="C:\Dev\LiquidTestReports\test\SampleProject\SampleProject.Tests.MSTest\bin\Debug\net8.0\SampleProject.MSTest.dll"
        adapterTypeName="executor://mstestadapter/v2"
        className="SampleProject.MSTest.TestServiceTests" name="PassingTest" />
    </UnitTest>
    <UnitTest name="AttachImage"
      storage="c:\dev\liquidtestreports\test\sampleproject\sampleproject.tests.mstest\bin\debug\net8.0\sampleproject.mstest.dll"
      id="4652d5d4-fc4b-ff90-6049-8df5395edd54">
      <Execution id="ec581bfe-8a90-413a-8752-ce8de2b69da0" />
      <TestMethod
        codeBase="C:\Dev\LiquidTestReports\test\SampleProject\SampleProject.Tests.MSTest\bin\Debug\net8.0\SampleProject.MSTest.dll"
        adapterTypeName="executor://mstestadapter/v2"
        className="SampleProject.MSTest.AttachmentTest" name="AttachImage" />
    </UnitTest>
    <UnitTest name="FailTest"
      storage="c:\dev\liquidtestreports\test\sampleproject\sampleproject.tests.mstest\bin\debug\net8.0\sampleproject.mstest.dll"
      id="dcecfeee-3998-3d8c-a5d6-9411bf1f1b06">
      <TestCategory>
        <TestCategoryItem TestCategory="Fail" />
      </TestCategory>
      <Execution id="f679f794-402d-4b85-9940-9a9bc80fb58d" />
      <TestMethod
        codeBase="C:\Dev\LiquidTestReports\test\SampleProject\SampleProject.Tests.MSTest\bin\Debug\net8.0\SampleProject.MSTest.dll"
        adapterTypeName="executor://mstestadapter/v2"
        className="SampleProject.MSTest.TestServiceTests" name="FailTest" />
    </UnitTest>
    <UnitTest name="TestTheory (True)"
      storage="c:\dev\liquidtestreports\test\sampleproject\sampleproject.tests.mstest\bin\debug\net8.0\sampleproject.mstest.dll"
      id="ae55401e-90fd-ea6e-f1b9-ca0287d112ac">
      <Execution id="c1336745-071b-4940-bba2-30d0ab29f8f7" />
      <TestMethod
        codeBase="C:\Dev\LiquidTestReports\test\SampleProject\SampleProject.Tests.MSTest\bin\Debug\net8.0\SampleProject.MSTest.dll"
        adapterTypeName="executor://mstestadapter/v2"
        className="SampleProject.MSTest.TestServiceTests" name="TestTheory" />
    </UnitTest>
    <UnitTest name="TestTheory (False)"
      storage="c:\dev\liquidtestreports\test\sampleproject\sampleproject.tests.mstest\bin\debug\net8.0\sampleproject.mstest.dll"
      id="5ad9593d-0e23-dfbd-b632-a9c0e033ef88">
      <Execution id="433c548b-0382-43ae-a475-b6637f91613d" />
      <TestMethod
        codeBase="C:\Dev\LiquidTestReports\test\SampleProject\SampleProject.Tests.MSTest\bin\Debug\net8.0\SampleProject.MSTest.dll"
        adapterTypeName="executor://mstestadapter/v2"
        className="SampleProject.MSTest.TestServiceTests" name="TestTheory" />
    </UnitTest>
    <UnitTest name="TestThrowingException"
      storage="c:\dev\liquidtestreports\test\sampleproject\sampleproject.tests.mstest\bin\debug\net8.0\sampleproject.mstest.dll"
      id="5ff6dcb6-59d9-e03d-13f5-8cd4028dd6a8">
      <Execution id="54eb6bb3-3355-4e41-84b0-7da362b5a8ef" />
      <TestMethod
        codeBase="C:\Dev\LiquidTestReports\test\SampleProject\SampleProject.Tests.MSTest\bin\Debug\net8.0\SampleProject.MSTest.dll"
        adapterTypeName="executor://mstestadapter/v2"
        className="SampleProject.MSTest.TestServiceTests" name="TestThrowingException" />
    </UnitTest>
    <UnitTest name="SkipTest"
      storage="c:\dev\liquidtestreports\test\sampleproject\sampleproject.tests.mstest\bin\debug\net8.0\sampleproject.mstest.dll"
      id="80ffe5e7-390e-7a11-4b21-8969639ebf48">
      <TestCategory>
        <TestCategoryItem TestCategory="Skip" />
      </TestCategory>
      <Execution id="4d50ad95-7af6-41c2-a00d-0b3b1cbf4cae" />
      <TestMethod
        codeBase="C:\Dev\LiquidTestReports\test\SampleProject\SampleProject.Tests.MSTest\bin\Debug\net8.0\SampleProject.MSTest.dll"
        adapterTypeName="executor://mstestadapter/v2"
        className="SampleProject.MSTest.TestServiceTests" name="SkipTest" />
    </UnitTest>
  </TestDefinitions>
  <TestEntries>
    <TestEntry testId="80ffe5e7-390e-7a11-4b21-8969639ebf48"
      executionId="4d50ad95-7af6-41c2-a00d-0b3b1cbf4cae"
      testListId="8c84fa94-04c1-424b-9868-57a2d4851a1d" />
    <TestEntry testId="6d870c01-332d-4774-bd82-26af6dcd01cf"
      executionId="864ed4b4-6916-4f47-935c-5343b950f3de"
      testListId="8c84fa94-04c1-424b-9868-57a2d4851a1d" />
    <TestEntry testId="4652d5d4-fc4b-ff90-6049-8df5395edd54"
      executionId="ec581bfe-8a90-413a-8752-ce8de2b69da0"
      testListId="8c84fa94-04c1-424b-9868-57a2d4851a1d" />
    <TestEntry testId="5ad9593d-0e23-dfbd-b632-a9c0e033ef88"
      executionId="433c548b-0382-43ae-a475-b6637f91613d"
      testListId="8c84fa94-04c1-424b-9868-57a2d4851a1d" />
    <TestEntry testId="5ff6dcb6-59d9-e03d-13f5-8cd4028dd6a8"
      executionId="54eb6bb3-3355-4e41-84b0-7da362b5a8ef"
      testListId="8c84fa94-04c1-424b-9868-57a2d4851a1d" />
    <TestEntry testId="dcecfeee-3998-3d8c-a5d6-9411bf1f1b06"
      executionId="f679f794-402d-4b85-9940-9a9bc80fb58d"
      testListId="8c84fa94-04c1-424b-9868-57a2d4851a1d" />
    <TestEntry testId="ae55401e-90fd-ea6e-f1b9-ca0287d112ac"
      executionId="c1336745-071b-4940-bba2-30d0ab29f8f7"
      testListId="8c84fa94-04c1-424b-9868-57a2d4851a1d" />
  </TestEntries>
  <TestLists>
    <TestList name="Results Not in a List" id="8c84fa94-04c1-424b-9868-57a2d4851a1d" />
    <TestList name="All Loaded Results" id="19431567-8539-422a-85d7-44ee4e166bda" />
  </TestLists>
  <ResultSummary outcome="Failed">
    <Counters total="7" executed="6" passed="3" failed="3" error="0" timeout="0" aborted="0"
      inconclusive="0" passedButRunAborted="0" notRunnable="0" notExecuted="0" disconnected="0"
      warning="0" completed="0" inProgress="0" pending="0" />
    <Output>
      <StdOut>Test 'SkipTest' was skipped in the test run.&#xD;
      </StdOut>
    </Output>
  </ResultSummary>
</TestRun>