<?xml version="1.0" encoding="utf-8"?>
<TestRun id="54901632-d87e-4c34-9685-2bc424cbdb4e" name="kurt@DESKTOP 2024-11-14 17:13:30" runUser="DESKTOP\kurt" xmlns="http://microsoft.com/schemas/VisualStudio/TeamTest/2010">
  <Times creation="2024-11-14T17:13:30.6679057+10:00" queuing="2024-11-14T17:13:30.6679059+10:00" start="2024-11-14T17:13:30.0183997+10:00" finish="2024-11-14T17:13:30.6866092+10:00" />
  <TestSettings name="default" id="d3ab0a4e-7594-4f0d-ba8f-8ddb9e93a370">
    <Deployment runDeploymentRoot="kurt_DESKTOP_2024-11-14_17_13_30" />
  </TestSettings>
  <Results>
    <UnitTestResult executionId="ab8e52eb-1a3f-4f39-a886-95752dcd886a" testId="4652d5d4-fc4b-ff90-6049-8df5395edd54" testName="AttachImage" computerName="DESKTOP" duration="00:00:00.0036206" startTime="2024-11-14T17:13:30.4653175+10:00" endTime="2024-11-14T17:13:30.4832611+10:00" testType="13cdc9d9-ddb5-4fa4-a97d-d965ccfc6d4b" outcome="Passed" testListId="8c84fa94-04c1-424b-9868-57a2d4851a1d" relativeResultsDirectory="ab8e52eb-1a3f-4f39-a886-95752dcd886a">
      <Output>
        <StdOut>TestContext Messages:&#xD;
Attach an image</StdOut>
      </Output>
      <ResultFiles>
        <ResultFile path="DESKTOP\attachmentSample.png" />
      </ResultFiles>
    </UnitTestResult>
    <UnitTestResult executionId="124aad85-513c-48d0-9dff-485caaa9b301" testId="80ffe5e7-390e-7a11-4b21-8969639ebf48" testName="SkipTest" computerName="DESKTOP" startTime="2024-11-14T17:13:30.5146504+10:00" endTime="2024-11-14T17:13:30.5159392+10:00" testType="13cdc9d9-ddb5-4fa4-a97d-d965ccfc6d4b" outcome="NotExecuted" testListId="8c84fa94-04c1-424b-9868-57a2d4851a1d" relativeResultsDirectory="124aad85-513c-48d0-9dff-485caaa9b301">
      <Output>
        <ErrorInfo>
          <Message>Skipped</Message>
        </ErrorInfo>
      </Output>
    </UnitTestResult>
    <UnitTestResult executionId="7a1f9697-f350-4200-a0db-a4377af9b4ff" testId="5ff6dcb6-59d9-e03d-13f5-8cd4028dd6a8" testName="TestThrowingException" computerName="DESKTOP" duration="00:00:00.0016224" startTime="2024-11-14T17:13:30.5123739+10:00" endTime="2024-11-14T17:13:30.5140878+10:00" testType="13cdc9d9-ddb5-4fa4-a97d-d965ccfc6d4b" outcome="Failed" testListId="8c84fa94-04c1-424b-9868-57a2d4851a1d" relativeResultsDirectory="7a1f9697-f350-4200-a0db-a4377af9b4ff">
      <Output>
        <StdOut>TestContext Messages:&#xD;
Running SampleProject.Tests.MSTest tests</StdOut>
        <ErrorInfo>
          <Message>Test method SampleProject.MSTest.TestServiceTests.TestThrowingException threw exception: &#xD;
System.Exception: Pretty good exception</Message>
          <StackTrace>    at SampleProject.TestService.GetException() in C:\Dev\LiquidTestReports\test\SampleProject\SampleProject\TestService.cs:line 19&#xD;
   at SampleProject.MSTest.TestServiceTests.TestThrowingException() in C:\Dev\LiquidTestReports\test\SampleProject\SampleProject.Tests.MSTest\TestServiceTests.cs:line 59&#xD;
   at System.RuntimeMethodHandle.InvokeMethod(Object target, Void** arguments, Signature sig, Boolean isConstructor)&#xD;
   at System.Reflection.MethodBaseInvoker.InvokeWithNoArgs(Object obj, BindingFlags invokeAttr)&#xD;
</StackTrace>
        </ErrorInfo>
      </Output>
    </UnitTestResult>
    <UnitTestResult executionId="bfb7b46d-9e84-4bee-b1b0-51f8704a4300" testId="6d870c01-332d-4774-bd82-26af6dcd01cf" testName="PassingTest" computerName="DESKTOP" duration="00:00:00.0003425" startTime="2024-11-14T17:13:30.5118491+10:00" endTime="2024-11-14T17:13:30.5123300+10:00" testType="13cdc9d9-ddb5-4fa4-a97d-d965ccfc6d4b" outcome="Passed" testListId="8c84fa94-04c1-424b-9868-57a2d4851a1d" relativeResultsDirectory="bfb7b46d-9e84-4bee-b1b0-51f8704a4300">
      <Output>
        <StdOut>TestContext Messages:&#xD;
Running SampleProject.Tests.MSTest tests</StdOut>
      </Output>
    </UnitTestResult>
    <UnitTestResult executionId="03ab62ad-2fcb-4fd5-a775-df9f80699d86" testId="ae55401e-90fd-ea6e-f1b9-ca0287d112ac" testName="TestTheory (True)" computerName="DESKTOP" duration="00:00:00.0019745" startTime="2024-11-14T17:13:30.4883086+10:00" endTime="2024-11-14T17:13:30.4940326+10:00" testType="13cdc9d9-ddb5-4fa4-a97d-d965ccfc6d4b" outcome="Passed" testListId="8c84fa94-04c1-424b-9868-57a2d4851a1d" relativeResultsDirectory="03ab62ad-2fcb-4fd5-a775-df9f80699d86">
      <Output>
        <StdOut>TestContext Messages:&#xD;
Running SampleProject.Tests.MSTest tests</StdOut>
      </Output>
    </UnitTestResult>
    <UnitTestResult executionId="bda84923-fb2c-4d88-892f-f584d1e4a338" testId="dcecfeee-3998-3d8c-a5d6-9411bf1f1b06" testName="FailTest" computerName="DESKTOP" duration="00:00:00.0003488" startTime="2024-11-14T17:13:30.5141468+10:00" endTime="2024-11-14T17:13:30.5146097+10:00" testType="13cdc9d9-ddb5-4fa4-a97d-d965ccfc6d4b" outcome="Failed" testListId="8c84fa94-04c1-424b-9868-57a2d4851a1d" relativeResultsDirectory="bda84923-fb2c-4d88-892f-f584d1e4a338">
      <Output>
        <StdOut>TestContext Messages:&#xD;
Running SampleProject.Tests.MSTest tests&#xD;
This test will fail</StdOut>
        <ErrorInfo>
          <Message>Assert.IsTrue failed. </Message>
          <StackTrace>   at SampleProject.MSTest.TestServiceTests.FailTest() in C:\Dev\LiquidTestReports\test\SampleProject\SampleProject.Tests.MSTest\TestServiceTests.cs:line 70&#xD;
   at System.RuntimeMethodHandle.InvokeMethod(Object target, Void** arguments, Signature sig, Boolean isConstructor)&#xD;
   at System.Reflection.MethodBaseInvoker.InvokeWithNoArgs(Object obj, BindingFlags invokeAttr)&#xD;
</StackTrace>
        </ErrorInfo>
      </Output>
    </UnitTestResult>
    <UnitTestResult executionId="9543285b-8ba3-4d23-88e6-89a28ba918af" testId="5ad9593d-0e23-dfbd-b632-a9c0e033ef88" testName="TestTheory (False)" computerName="DESKTOP" duration="00:00:00.0167285" startTime="2024-11-14T17:13:30.4943658+10:00" endTime="2024-11-14T17:13:30.5116679+10:00" testType="13cdc9d9-ddb5-4fa4-a97d-d965ccfc6d4b" outcome="Failed" testListId="8c84fa94-04c1-424b-9868-57a2d4851a1d" relativeResultsDirectory="9543285b-8ba3-4d23-88e6-89a28ba918af">
      <Output>
        <StdOut>TestContext Messages:&#xD;
Running SampleProject.Tests.MSTest tests</StdOut>
        <ErrorInfo>
          <Message>Assert.AreEqual failed. Expected:&lt;False&gt;. Actual:&lt;True&gt;. </Message>
          <StackTrace>   at SampleProject.MSTest.TestServiceTests.TestTheory(Boolean expected) in C:\Dev\LiquidTestReports\test\SampleProject\SampleProject.Tests.MSTest\TestServiceTests.cs:line 34&#xD;
   at InvokeStub_TestServiceTests.TestTheory(Object, Span`1)&#xD;
   at System.Reflection.MethodBaseInvoker.InvokeWithOneArg(Object obj, BindingFlags invokeAttr, Binder binder, Object[] parameters, CultureInfo culture)&#xD;
</StackTrace>
        </ErrorInfo>
      </Output>
    </UnitTestResult>
  </Results>
  <TestDefinitions>
    <UnitTest name="PassingTest" storage="c:\dev\liquidtestreports\test\sampleproject\sampleproject.tests.mstest\bin\debug\net8.0\sampleproject.mstest.dll" id="6d870c01-332d-4774-bd82-26af6dcd01cf">
      <Execution id="bfb7b46d-9e84-4bee-b1b0-51f8704a4300" />
      <TestMethod codeBase="C:\Dev\LiquidTestReports\test\SampleProject\SampleProject.Tests.MSTest\bin\Debug\net8.0\SampleProject.MSTest.dll" adapterTypeName="executor://mstestadapter/v2" className="SampleProject.MSTest.TestServiceTests" name="PassingTest" />
    </UnitTest>
    <UnitTest name="AttachImage" storage="c:\dev\liquidtestreports\test\sampleproject\sampleproject.tests.mstest\bin\debug\net8.0\sampleproject.mstest.dll" id="4652d5d4-fc4b-ff90-6049-8df5395edd54">
      <Execution id="ab8e52eb-1a3f-4f39-a886-95752dcd886a" />
      <TestMethod codeBase="C:\Dev\LiquidTestReports\test\SampleProject\SampleProject.Tests.MSTest\bin\Debug\net8.0\SampleProject.MSTest.dll" adapterTypeName="executor://mstestadapter/v2" className="SampleProject.MSTest.AttachmentTest" name="AttachImage" />
    </UnitTest>
    <UnitTest name="FailTest" storage="c:\dev\liquidtestreports\test\sampleproject\sampleproject.tests.mstest\bin\debug\net8.0\sampleproject.mstest.dll" id="dcecfeee-3998-3d8c-a5d6-9411bf1f1b06">
      <TestCategory>
        <TestCategoryItem TestCategory="Fail" />
      </TestCategory>
      <Execution id="bda84923-fb2c-4d88-892f-f584d1e4a338" />
      <TestMethod codeBase="C:\Dev\LiquidTestReports\test\SampleProject\SampleProject.Tests.MSTest\bin\Debug\net8.0\SampleProject.MSTest.dll" adapterTypeName="executor://mstestadapter/v2" className="SampleProject.MSTest.TestServiceTests" name="FailTest" />
    </UnitTest>
    <UnitTest name="TestTheory (True)" storage="c:\dev\liquidtestreports\test\sampleproject\sampleproject.tests.mstest\bin\debug\net8.0\sampleproject.mstest.dll" id="ae55401e-90fd-ea6e-f1b9-ca0287d112ac">
      <Execution id="03ab62ad-2fcb-4fd5-a775-df9f80699d86" />
      <TestMethod codeBase="C:\Dev\LiquidTestReports\test\SampleProject\SampleProject.Tests.MSTest\bin\Debug\net8.0\SampleProject.MSTest.dll" adapterTypeName="executor://mstestadapter/v2" className="SampleProject.MSTest.TestServiceTests" name="TestTheory" />
    </UnitTest>
    <UnitTest name="TestTheory (False)" storage="c:\dev\liquidtestreports\test\sampleproject\sampleproject.tests.mstest\bin\debug\net8.0\sampleproject.mstest.dll" id="5ad9593d-0e23-dfbd-b632-a9c0e033ef88">
      <Execution id="9543285b-8ba3-4d23-88e6-89a28ba918af" />
      <TestMethod codeBase="C:\Dev\LiquidTestReports\test\SampleProject\SampleProject.Tests.MSTest\bin\Debug\net8.0\SampleProject.MSTest.dll" adapterTypeName="executor://mstestadapter/v2" className="SampleProject.MSTest.TestServiceTests" name="TestTheory" />
    </UnitTest>
    <UnitTest name="TestThrowingException" storage="c:\dev\liquidtestreports\test\sampleproject\sampleproject.tests.mstest\bin\debug\net8.0\sampleproject.mstest.dll" id="5ff6dcb6-59d9-e03d-13f5-8cd4028dd6a8">
      <Execution id="7a1f9697-f350-4200-a0db-a4377af9b4ff" />
      <TestMethod codeBase="C:\Dev\LiquidTestReports\test\SampleProject\SampleProject.Tests.MSTest\bin\Debug\net8.0\SampleProject.MSTest.dll" adapterTypeName="executor://mstestadapter/v2" className="SampleProject.MSTest.TestServiceTests" name="TestThrowingException" />
    </UnitTest>
    <UnitTest name="SkipTest" storage="c:\dev\liquidtestreports\test\sampleproject\sampleproject.tests.mstest\bin\debug\net8.0\sampleproject.mstest.dll" id="80ffe5e7-390e-7a11-4b21-8969639ebf48">
      <TestCategory>
        <TestCategoryItem TestCategory="Skip" />
      </TestCategory>
      <Execution id="124aad85-513c-48d0-9dff-485caaa9b301" />
      <TestMethod codeBase="C:\Dev\LiquidTestReports\test\SampleProject\SampleProject.Tests.MSTest\bin\Debug\net8.0\SampleProject.MSTest.dll" adapterTypeName="executor://mstestadapter/v2" className="SampleProject.MSTest.TestServiceTests" name="SkipTest" />
    </UnitTest>
  </TestDefinitions>
  <TestEntries>
    <TestEntry testId="4652d5d4-fc4b-ff90-6049-8df5395edd54" executionId="ab8e52eb-1a3f-4f39-a886-95752dcd886a" testListId="8c84fa94-04c1-424b-9868-57a2d4851a1d" />
    <TestEntry testId="80ffe5e7-390e-7a11-4b21-8969639ebf48" executionId="124aad85-513c-48d0-9dff-485caaa9b301" testListId="8c84fa94-04c1-424b-9868-57a2d4851a1d" />
    <TestEntry testId="5ff6dcb6-59d9-e03d-13f5-8cd4028dd6a8" executionId="7a1f9697-f350-4200-a0db-a4377af9b4ff" testListId="8c84fa94-04c1-424b-9868-57a2d4851a1d" />
    <TestEntry testId="6d870c01-332d-4774-bd82-26af6dcd01cf" executionId="bfb7b46d-9e84-4bee-b1b0-51f8704a4300" testListId="8c84fa94-04c1-424b-9868-57a2d4851a1d" />
    <TestEntry testId="ae55401e-90fd-ea6e-f1b9-ca0287d112ac" executionId="03ab62ad-2fcb-4fd5-a775-df9f80699d86" testListId="8c84fa94-04c1-424b-9868-57a2d4851a1d" />
    <TestEntry testId="dcecfeee-3998-3d8c-a5d6-9411bf1f1b06" executionId="bda84923-fb2c-4d88-892f-f584d1e4a338" testListId="8c84fa94-04c1-424b-9868-57a2d4851a1d" />
    <TestEntry testId="5ad9593d-0e23-dfbd-b632-a9c0e033ef88" executionId="9543285b-8ba3-4d23-88e6-89a28ba918af" testListId="8c84fa94-04c1-424b-9868-57a2d4851a1d" />
  </TestEntries>
  <TestLists>
    <TestList name="Results Not in a List" id="8c84fa94-04c1-424b-9868-57a2d4851a1d" />
    <TestList name="All Loaded Results" id="19431567-8539-422a-85d7-44ee4e166bda" />
  </TestLists>
  <ResultSummary outcome="Failed">
    <Counters total="7" executed="6" passed="3" failed="3" error="0" timeout="0" aborted="0" inconclusive="0" passedButRunAborted="0" notRunnable="0" notExecuted="0" disconnected="0" warning="0" completed="0" inProgress="0" pending="0" />
    <Output>
      <StdOut>Test 'SkipTest' was skipped in the test run.&#xD;
</StdOut>
    </Output>
  </ResultSummary>
</TestRun>