<?xml version="1.0" encoding="utf-8"?>
<TestRun id="48421ee9-4f67-4ca8-ac9c-3c9814b7a50e" name="kurt@DESKTOP-1B2SI9I 2021-04-02 08:51:03" runUser="DESKTOP-1B2SI9I\kurt" xmlns="http://microsoft.com/schemas/VisualStudio/TeamTest/2010">
  <Times creation="2021-04-02T08:51:03.2320816+10:00" queuing="2021-04-02T08:51:03.2320827+10:00" start="2021-04-02T08:51:01.7636076+10:00" finish="2021-04-02T08:51:03.2567571+10:00" />
  <TestSettings name="default" id="19df17c9-6547-4947-876a-ca5539aa5231">
    <Deployment runDeploymentRoot="kurt_DESKTOP-1B2SI9I_2021-04-02_08_51_03" />
  </TestSettings>
  <Results>
    <UnitTestResult executionId="0b678342-7b3f-4d76-aff4-6d633e8aa3bf" testId="c120beeb-67a5-aeb8-f6c3-ac7c5841e7e2" testName="TestTheory(False)" computerName="DESKTOP-1B2SI9I" duration="00:00:00.0020000" startTime="2021-04-02T08:51:03.0658920+10:00" endTime="2021-04-02T08:51:03.0678966+10:00" testType="13cdc9d9-ddb5-4fa4-a97d-d965ccfc6d4b" outcome="Failed" testListId="8c84fa94-04c1-424b-9868-57a2d4851a1d" relativeResultsDirectory="0b678342-7b3f-4d76-aff4-6d633e8aa3bf">
      <Output>
        <StdOut>Running SampleProject.Tests.NUnit tests</StdOut>
        <ErrorInfo>
          <Message>  Expected: False&#xD;
  But was:  True&#xD;
</Message>
          <StackTrace>   at SampleProject.NUnit.TestServiceTests.TestTheory(Boolean expected) in C:\Dev\LiquidTestReports\test\SampleProject\SampleProject.Tests.NUnit\TestServiceTests.cs:line 25&#xD;
</StackTrace>
        </ErrorInfo>
      </Output>
    </UnitTestResult>
    <UnitTestResult executionId="79aea819-4efb-4c0a-bc99-f063d03718cd" testId="728830dd-059e-2376-1abd-55d3a563c887" testName="SkipTest" computerName="DESKTOP-1B2SI9I" startTime="2021-04-02T08:51:03.0478953+10:00" endTime="2021-04-02T08:51:03.0478953+10:00" testType="13cdc9d9-ddb5-4fa4-a97d-d965ccfc6d4b" outcome="NotExecuted" testListId="8c84fa94-04c1-424b-9868-57a2d4851a1d" relativeResultsDirectory="79aea819-4efb-4c0a-bc99-f063d03718cd">
      <Output>
        <StdOut>Ignore test</StdOut>
        <ErrorInfo>
          <Message>Ignore test</Message>
        </ErrorInfo>
      </Output>
    </UnitTestResult>
    <UnitTestResult executionId="7c87bf04-43bf-4d0c-9171-a1482c2aacbd" testId="0e1ae64b-f2bf-7ff7-e7aa-eb6e7b50ba46" testName="TestTheory(True)" computerName="DESKTOP-1B2SI9I" duration="00:00:00.0180000" startTime="2021-04-02T08:51:03.0478953+10:00" endTime="2021-04-02T08:51:03.0658920+10:00" testType="13cdc9d9-ddb5-4fa4-a97d-d965ccfc6d4b" outcome="Passed" testListId="8c84fa94-04c1-424b-9868-57a2d4851a1d" relativeResultsDirectory="7c87bf04-43bf-4d0c-9171-a1482c2aacbd">
      <Output>
        <StdOut>Running SampleProject.Tests.NUnit tests</StdOut>
      </Output>
    </UnitTestResult>
    <UnitTestResult executionId="9689b46c-5ec5-4bd0-8c69-442e0e15d733" testId="911a211d-f3ce-1158-fca5-85dbb77e71b1" testName="TestThrowingException" computerName="DESKTOP-1B2SI9I" duration="00:00:00.0050000" startTime="2021-04-02T08:51:03.0688975+10:00" endTime="2021-04-02T08:51:03.0749265+10:00" testType="13cdc9d9-ddb5-4fa4-a97d-d965ccfc6d4b" outcome="Failed" testListId="8c84fa94-04c1-424b-9868-57a2d4851a1d" relativeResultsDirectory="9689b46c-5ec5-4bd0-8c69-442e0e15d733">
      <Output>
        <StdOut>Running SampleProject.Tests.NUnit tests</StdOut>
        <ErrorInfo>
          <Message>System.Exception : Pretty good exception</Message>
          <StackTrace>   at SampleProject.TestService.GetException() in C:\Dev\LiquidTestReports\test\SampleProject\SampleProject\TestService.cs:line 19&#xD;
   at SampleProject.NUnit.TestServiceTests.TestThrowingException() in C:\Dev\LiquidTestReports\test\SampleProject\SampleProject.Tests.NUnit\TestServiceTests.cs:line 50</StackTrace>
        </ErrorInfo>
      </Output>
    </UnitTestResult>
    <UnitTestResult executionId="682858ac-f8c0-4365-9358-0410c5eb0d61" testId="b0a188dd-3bff-ab15-2c78-59fc7d7de33b" testName="FailTest" computerName="DESKTOP-1B2SI9I" duration="00:00:00.1110000" startTime="2021-04-02T08:51:02.9338911+10:00" endTime="2021-04-02T08:51:03.0439238+10:00" testType="13cdc9d9-ddb5-4fa4-a97d-d965ccfc6d4b" outcome="Failed" testListId="8c84fa94-04c1-424b-9868-57a2d4851a1d" relativeResultsDirectory="682858ac-f8c0-4365-9358-0410c5eb0d61">
      <Output>
        <StdOut>Running SampleProject.Tests.NUnit tests&#xD;
This test will fail</StdOut>
        <ErrorInfo>
          <Message>  Expected: True&#xD;
  But was:  False&#xD;
</Message>
          <StackTrace>   at SampleProject.NUnit.TestServiceTests.FailTest() in C:\Dev\LiquidTestReports\test\SampleProject\SampleProject.Tests.NUnit\TestServiceTests.cs:line 61&#xD;
</StackTrace>
        </ErrorInfo>
      </Output>
    </UnitTestResult>
    <UnitTestResult executionId="d15e50ef-9760-4b6d-8789-e07f0d3e0887" testId="a810ceed-12fa-d2cb-58ac-46722001948f" testName="PassingTest" computerName="DESKTOP-1B2SI9I" duration="00:00:00.0020000" startTime="2021-04-02T08:51:03.0458951+10:00" endTime="2021-04-02T08:51:03.0478953+10:00" testType="13cdc9d9-ddb5-4fa4-a97d-d965ccfc6d4b" outcome="Passed" testListId="8c84fa94-04c1-424b-9868-57a2d4851a1d" relativeResultsDirectory="d15e50ef-9760-4b6d-8789-e07f0d3e0887">
      <Output>
        <StdOut>Running SampleProject.Tests.NUnit tests</StdOut>
      </Output>
    </UnitTestResult>
  </Results>
  <TestDefinitions>
    <UnitTest name="PassingTest" storage="c:\dev\liquidtestreports\test\sampleproject\sampleproject.tests.nunit\bin\debug\net461\sampleproject.nunit.dll" id="a810ceed-12fa-d2cb-58ac-46722001948f">
      <Execution id="d15e50ef-9760-4b6d-8789-e07f0d3e0887" />
      <TestMethod codeBase="C:\Dev\LiquidTestReports\test\SampleProject\SampleProject.Tests.NUnit\bin\Debug\net461\SampleProject.NUnit.dll" adapterTypeName="executor://nunit3testexecutor/" className="SampleProject.NUnit.TestServiceTests" name="PassingTest" />
    </UnitTest>
    <UnitTest name="FailTest" storage="c:\dev\liquidtestreports\test\sampleproject\sampleproject.tests.nunit\bin\debug\net461\sampleproject.nunit.dll" id="b0a188dd-3bff-ab15-2c78-59fc7d7de33b">
      <Execution id="682858ac-f8c0-4365-9358-0410c5eb0d61" />
      <TestMethod codeBase="C:\Dev\LiquidTestReports\test\SampleProject\SampleProject.Tests.NUnit\bin\Debug\net461\SampleProject.NUnit.dll" adapterTypeName="executor://nunit3testexecutor/" className="SampleProject.NUnit.TestServiceTests" name="FailTest" />
    </UnitTest>
    <UnitTest name="TestTheory(False)" storage="c:\dev\liquidtestreports\test\sampleproject\sampleproject.tests.nunit\bin\debug\net461\sampleproject.nunit.dll" id="c120beeb-67a5-aeb8-f6c3-ac7c5841e7e2">
      <Execution id="0b678342-7b3f-4d76-aff4-6d633e8aa3bf" />
      <TestMethod codeBase="C:\Dev\LiquidTestReports\test\SampleProject\SampleProject.Tests.NUnit\bin\Debug\net461\SampleProject.NUnit.dll" adapterTypeName="executor://nunit3testexecutor/" className="SampleProject.NUnit.TestServiceTests" name="TestTheory(False)" />
    </UnitTest>
    <UnitTest name="TestThrowingException" storage="c:\dev\liquidtestreports\test\sampleproject\sampleproject.tests.nunit\bin\debug\net461\sampleproject.nunit.dll" id="911a211d-f3ce-1158-fca5-85dbb77e71b1">
      <Execution id="9689b46c-5ec5-4bd0-8c69-442e0e15d733" />
      <TestMethod codeBase="C:\Dev\LiquidTestReports\test\SampleProject\SampleProject.Tests.NUnit\bin\Debug\net461\SampleProject.NUnit.dll" adapterTypeName="executor://nunit3testexecutor/" className="SampleProject.NUnit.TestServiceTests" name="TestThrowingException" />
    </UnitTest>
    <UnitTest name="SkipTest" storage="c:\dev\liquidtestreports\test\sampleproject\sampleproject.tests.nunit\bin\debug\net461\sampleproject.nunit.dll" id="728830dd-059e-2376-1abd-55d3a563c887">
      <Execution id="79aea819-4efb-4c0a-bc99-f063d03718cd" />
      <TestMethod codeBase="C:\Dev\LiquidTestReports\test\SampleProject\SampleProject.Tests.NUnit\bin\Debug\net461\SampleProject.NUnit.dll" adapterTypeName="executor://nunit3testexecutor/" className="SampleProject.NUnit.TestServiceTests" name="SkipTest" />
    </UnitTest>
    <UnitTest name="TestTheory(True)" storage="c:\dev\liquidtestreports\test\sampleproject\sampleproject.tests.nunit\bin\debug\net461\sampleproject.nunit.dll" id="0e1ae64b-f2bf-7ff7-e7aa-eb6e7b50ba46">
      <Execution id="7c87bf04-43bf-4d0c-9171-a1482c2aacbd" />
      <TestMethod codeBase="C:\Dev\LiquidTestReports\test\SampleProject\SampleProject.Tests.NUnit\bin\Debug\net461\SampleProject.NUnit.dll" adapterTypeName="executor://nunit3testexecutor/" className="SampleProject.NUnit.TestServiceTests" name="TestTheory(True)" />
    </UnitTest>
  </TestDefinitions>
  <TestEntries>
    <TestEntry testId="c120beeb-67a5-aeb8-f6c3-ac7c5841e7e2" executionId="0b678342-7b3f-4d76-aff4-6d633e8aa3bf" testListId="8c84fa94-04c1-424b-9868-57a2d4851a1d" />
    <TestEntry testId="728830dd-059e-2376-1abd-55d3a563c887" executionId="79aea819-4efb-4c0a-bc99-f063d03718cd" testListId="8c84fa94-04c1-424b-9868-57a2d4851a1d" />
    <TestEntry testId="0e1ae64b-f2bf-7ff7-e7aa-eb6e7b50ba46" executionId="7c87bf04-43bf-4d0c-9171-a1482c2aacbd" testListId="8c84fa94-04c1-424b-9868-57a2d4851a1d" />
    <TestEntry testId="911a211d-f3ce-1158-fca5-85dbb77e71b1" executionId="9689b46c-5ec5-4bd0-8c69-442e0e15d733" testListId="8c84fa94-04c1-424b-9868-57a2d4851a1d" />
    <TestEntry testId="b0a188dd-3bff-ab15-2c78-59fc7d7de33b" executionId="682858ac-f8c0-4365-9358-0410c5eb0d61" testListId="8c84fa94-04c1-424b-9868-57a2d4851a1d" />
    <TestEntry testId="a810ceed-12fa-d2cb-58ac-46722001948f" executionId="d15e50ef-9760-4b6d-8789-e07f0d3e0887" testListId="8c84fa94-04c1-424b-9868-57a2d4851a1d" />
  </TestEntries>
  <TestLists>
    <TestList name="Results Not in a List" id="8c84fa94-04c1-424b-9868-57a2d4851a1d" />
    <TestList name="All Loaded Results" id="19431567-8539-422a-85d7-44ee4e166bda" />
  </TestLists>
  <ResultSummary outcome="Failed">
    <Counters total="6" executed="5" passed="2" failed="3" error="0" timeout="0" aborted="0" inconclusive="0" passedButRunAborted="0" notRunnable="0" notExecuted="0" disconnected="0" warning="0" completed="0" inProgress="0" pending="0" />
    <Output>
      <StdOut>NUnit Adapter 3.17.0.0: Test execution started&#xD;
Running all tests in C:\Dev\LiquidTestReports\test\SampleProject\SampleProject.Tests.NUnit\bin\Debug\net461\SampleProject.NUnit.dll&#xD;
   NUnit3TestExecutor discovered 6 of 6 NUnit test cases&#xD;
Running SampleProject.Tests.NUnit tests&#xD;
This test will fail&#xD;
&#xD;
Running SampleProject.Tests.NUnit tests&#xD;
&#xD;
SkipTest: Ignore test&#xD;
Running SampleProject.Tests.NUnit tests&#xD;
&#xD;
Running SampleProject.Tests.NUnit tests&#xD;
&#xD;
Running SampleProject.Tests.NUnit tests&#xD;
&#xD;
NUnit Adapter 3.17.0.0: Test execution complete&#xD;
Test 'SkipTest' was skipped in the test run.&#xD;
</StdOut>
    </Output>
  </ResultSummary>
</TestRun>