<?xml version="1.0" encoding="utf-8"?>
<TestRun id="e6253555-c63c-4fb0-813f-b912625cee82" name="kurt@DESKTOP 2024-11-14 17:13:23" runUser="DESKTOP\kurt" xmlns="http://microsoft.com/schemas/VisualStudio/TeamTest/2010">
  <Times creation="2024-11-14T17:13:23.6287865+10:00" queuing="2024-11-14T17:13:23.6287868+10:00" start="2024-11-14T17:13:22.8293460+10:00" finish="2024-11-14T17:13:23.6483471+10:00" />
  <TestSettings name="default" id="95b8aa1c-759e-4a89-9ea9-c4cce00ddfeb">
    <Deployment runDeploymentRoot="kurt_DESKTOP_2024-11-14_17_13_23" />
  </TestSettings>
  <Results>
    <UnitTestResult executionId="3ae13147-ac6f-4263-ba44-4d36f68564e5" testId="b8ede775-939f-1599-cdf5-655ae4036321" testName="SampleProject.xUnit.TestServiceTests.FailTest" computerName="DESKTOP" duration="00:00:00.0006563" startTime="2024-11-14T17:13:23.4808236+10:00" endTime="2024-11-14T17:13:23.4808239+10:00" testType="13cdc9d9-ddb5-4fa4-a97d-d965ccfc6d4b" outcome="Failed" testListId="8c84fa94-04c1-424b-9868-57a2d4851a1d" relativeResultsDirectory="3ae13147-ac6f-4263-ba44-4d36f68564e5">
      <Output>
        <StdOut>Running SampleProject.Tests.xUnit tests&#xD;
This test will fail</StdOut>
        <ErrorInfo>
          <Message>Assert.True() Failure&#xD;
Expected: True&#xD;
Actual:   False</Message>
          <StackTrace>   at SampleProject.xUnit.TestServiceTests.FailTest() in C:\Dev\LiquidTestReports\test\SampleProject\SampleProject.Tests.xUnit\TestServiceTests.cs:line 65&#xD;
   at System.RuntimeMethodHandle.InvokeMethod(Object target, Void** arguments, Signature sig, Boolean isConstructor)&#xD;
   at System.Reflection.MethodBaseInvoker.InvokeWithNoArgs(Object obj, BindingFlags invokeAttr)</StackTrace>
        </ErrorInfo>
      </Output>
    </UnitTestResult>
    <UnitTestResult executionId="7e84a950-a4a7-464a-b513-37b551b38749" testId="63207abc-d9b4-7a30-6461-919c9a06a2b6" testName="SampleProject.xUnit.TestServiceTests.SkipTest" computerName="DESKTOP" duration="00:00:00.0010000" startTime="2024-11-14T17:13:23.4488666+10:00" endTime="2024-11-14T17:13:23.4488993+10:00" testType="13cdc9d9-ddb5-4fa4-a97d-d965ccfc6d4b" outcome="NotExecuted" testListId="8c84fa94-04c1-424b-9868-57a2d4851a1d" relativeResultsDirectory="7e84a950-a4a7-464a-b513-37b551b38749">
      <Output>
        <ErrorInfo>
          <Message>Skipped</Message>
        </ErrorInfo>
      </Output>
    </UnitTestResult>
    <UnitTestResult executionId="0c2306b6-ecab-4d93-a0da-a8b805f60855" testId="dc4d4b72-ac66-1bab-934d-d3322145984c" testName="SampleProject.xUnit.TestServiceTests.TestTheory(expected: True)" computerName="DESKTOP" duration="00:00:00.0044324" startTime="2024-11-14T17:13:23.4732984+10:00" endTime="2024-11-14T17:13:23.4732986+10:00" testType="13cdc9d9-ddb5-4fa4-a97d-d965ccfc6d4b" outcome="Passed" testListId="8c84fa94-04c1-424b-9868-57a2d4851a1d" relativeResultsDirectory="0c2306b6-ecab-4d93-a0da-a8b805f60855">
      <Output>
        <StdOut>Running SampleProject.Tests.xUnit tests</StdOut>
      </Output>
    </UnitTestResult>
    <UnitTestResult executionId="6764dbde-6745-4fb5-b422-b02b989fa29f" testId="4eee5b76-ac5c-892d-7905-27554828341a" testName="SampleProject.xUnit.TestServiceTests.TestTheory(expected: False)" computerName="DESKTOP" duration="00:00:00.0030554" startTime="2024-11-14T17:13:23.4793399+10:00" endTime="2024-11-14T17:13:23.4793403+10:00" testType="13cdc9d9-ddb5-4fa4-a97d-d965ccfc6d4b" outcome="Failed" testListId="8c84fa94-04c1-424b-9868-57a2d4851a1d" relativeResultsDirectory="6764dbde-6745-4fb5-b422-b02b989fa29f">
      <Output>
        <StdOut>Running SampleProject.Tests.xUnit tests</StdOut>
        <ErrorInfo>
          <Message>Assert.Equal() Failure: Values differ&#xD;
Expected: False&#xD;
Actual:   True</Message>
          <StackTrace>   at SampleProject.xUnit.TestServiceTests.TestTheory(Boolean expected) in C:\Dev\LiquidTestReports\test\SampleProject\SampleProject.Tests.xUnit\TestServiceTests.cs:line 29&#xD;
   at InvokeStub_TestServiceTests.TestTheory(Object, Span`1)&#xD;
   at System.Reflection.MethodBaseInvoker.InvokeWithOneArg(Object obj, BindingFlags invokeAttr, Binder binder, Object[] parameters, CultureInfo culture)</StackTrace>
        </ErrorInfo>
      </Output>
    </UnitTestResult>
    <UnitTestResult executionId="eaddc261-ce78-4b3c-9a9e-38afa95c1920" testId="1a5e29b3-7ef1-5c3d-f997-77c67b0b2a38" testName="SampleProject.NUnit.Attachment.AttachImage" computerName="DESKTOP" duration="00:00:00.0048914" startTime="2024-11-14T17:13:23.4624577+10:00" endTime="2024-11-14T17:13:23.4624580+10:00" testType="13cdc9d9-ddb5-4fa4-a97d-d965ccfc6d4b" outcome="Passed" testListId="8c84fa94-04c1-424b-9868-57a2d4851a1d" relativeResultsDirectory="eaddc261-ce78-4b3c-9a9e-38afa95c1920">
      <Output>
        <StdOut>Not actually an attachment, just a placeholder to make the results the same.</StdOut>
      </Output>
    </UnitTestResult>
    <UnitTestResult executionId="a9d01fba-ec8f-4cf4-a2da-e77cbd02a6be" testId="f1ad57ce-c1e1-68d8-f10c-211a14ef3768" testName="SampleProject.xUnit.TestServiceTests.PassingTest" computerName="DESKTOP" duration="00:00:00.0004563" startTime="2024-11-14T17:13:23.4794747+10:00" endTime="2024-11-14T17:13:23.4794748+10:00" testType="13cdc9d9-ddb5-4fa4-a97d-d965ccfc6d4b" outcome="Passed" testListId="8c84fa94-04c1-424b-9868-57a2d4851a1d" relativeResultsDirectory="a9d01fba-ec8f-4cf4-a2da-e77cbd02a6be">
      <Output>
        <StdOut>Running SampleProject.Tests.xUnit tests</StdOut>
      </Output>
    </UnitTestResult>
    <UnitTestResult executionId="eff44e69-08b2-403e-95bf-6ab1fd386dc3" testId="2eb95158-b57c-2a18-89f9-5ccdf45dcabc" testName="SampleProject.xUnit.TestServiceTests.TestThrowingException" computerName="DESKTOP" duration="00:00:00.0047222" startTime="2024-11-14T17:13:23.4728619+10:00" endTime="2024-11-14T17:13:23.4728622+10:00" testType="13cdc9d9-ddb5-4fa4-a97d-d965ccfc6d4b" outcome="Failed" testListId="8c84fa94-04c1-424b-9868-57a2d4851a1d" relativeResultsDirectory="eff44e69-08b2-403e-95bf-6ab1fd386dc3">
      <Output>
        <StdOut>Running SampleProject.Tests.xUnit tests</StdOut>
        <ErrorInfo>
          <Message>System.Exception : Pretty good exception</Message>
          <StackTrace>   at SampleProject.TestService.GetException() in C:\Dev\LiquidTestReports\test\SampleProject\SampleProject\TestService.cs:line 19&#xD;
   at SampleProject.xUnit.TestServiceTests.TestThrowingException() in C:\Dev\LiquidTestReports\test\SampleProject\SampleProject.Tests.xUnit\TestServiceTests.cs:line 54&#xD;
   at System.RuntimeMethodHandle.InvokeMethod(Object target, Void** arguments, Signature sig, Boolean isConstructor)&#xD;
   at System.Reflection.MethodBaseInvoker.InvokeWithNoArgs(Object obj, BindingFlags invokeAttr)</StackTrace>
        </ErrorInfo>
      </Output>
    </UnitTestResult>
  </Results>
  <TestDefinitions>
    <UnitTest name="SampleProject.xUnit.TestServiceTests.SkipTest" storage="c:\dev\liquidtestreports\test\sampleproject\sampleproject.tests.xunit\bin\debug\net8.0\sampleproject.xunit.dll" id="63207abc-d9b4-7a30-6461-919c9a06a2b6">
      <Execution id="7e84a950-a4a7-464a-b513-37b551b38749" />
      <TestMethod codeBase="C:\Dev\LiquidTestReports\test\SampleProject\SampleProject.Tests.xUnit\bin\Debug\net8.0\SampleProject.xUnit.dll" adapterTypeName="executor://xunit/VsTestRunner2/netcoreapp" className="SampleProject.xUnit.TestServiceTests" name="SkipTest" />
    </UnitTest>
    <UnitTest name="SampleProject.xUnit.TestServiceTests.TestTheory(expected: True)" storage="c:\dev\liquidtestreports\test\sampleproject\sampleproject.tests.xunit\bin\debug\net8.0\sampleproject.xunit.dll" id="dc4d4b72-ac66-1bab-934d-d3322145984c">
      <Execution id="0c2306b6-ecab-4d93-a0da-a8b805f60855" />
      <TestMethod codeBase="C:\Dev\LiquidTestReports\test\SampleProject\SampleProject.Tests.xUnit\bin\Debug\net8.0\SampleProject.xUnit.dll" adapterTypeName="executor://xunit/VsTestRunner2/netcoreapp" className="SampleProject.xUnit.TestServiceTests" name="TestTheory" />
    </UnitTest>
    <UnitTest name="SampleProject.xUnit.TestServiceTests.TestThrowingException" storage="c:\dev\liquidtestreports\test\sampleproject\sampleproject.tests.xunit\bin\debug\net8.0\sampleproject.xunit.dll" id="2eb95158-b57c-2a18-89f9-5ccdf45dcabc">
      <Execution id="eff44e69-08b2-403e-95bf-6ab1fd386dc3" />
      <TestMethod codeBase="C:\Dev\LiquidTestReports\test\SampleProject\SampleProject.Tests.xUnit\bin\Debug\net8.0\SampleProject.xUnit.dll" adapterTypeName="executor://xunit/VsTestRunner2/netcoreapp" className="SampleProject.xUnit.TestServiceTests" name="TestThrowingException" />
    </UnitTest>
    <UnitTest name="SampleProject.xUnit.TestServiceTests.FailTest" storage="c:\dev\liquidtestreports\test\sampleproject\sampleproject.tests.xunit\bin\debug\net8.0\sampleproject.xunit.dll" id="b8ede775-939f-1599-cdf5-655ae4036321">
      <Execution id="3ae13147-ac6f-4263-ba44-4d36f68564e5" />
      <TestMethod codeBase="C:\Dev\LiquidTestReports\test\SampleProject\SampleProject.Tests.xUnit\bin\Debug\net8.0\SampleProject.xUnit.dll" adapterTypeName="executor://xunit/VsTestRunner2/netcoreapp" className="SampleProject.xUnit.TestServiceTests" name="FailTest" />
    </UnitTest>
    <UnitTest name="SampleProject.xUnit.TestServiceTests.TestTheory(expected: False)" storage="c:\dev\liquidtestreports\test\sampleproject\sampleproject.tests.xunit\bin\debug\net8.0\sampleproject.xunit.dll" id="4eee5b76-ac5c-892d-7905-27554828341a">
      <Execution id="6764dbde-6745-4fb5-b422-b02b989fa29f" />
      <TestMethod codeBase="C:\Dev\LiquidTestReports\test\SampleProject\SampleProject.Tests.xUnit\bin\Debug\net8.0\SampleProject.xUnit.dll" adapterTypeName="executor://xunit/VsTestRunner2/netcoreapp" className="SampleProject.xUnit.TestServiceTests" name="TestTheory" />
    </UnitTest>
    <UnitTest name="SampleProject.NUnit.Attachment.AttachImage" storage="c:\dev\liquidtestreports\test\sampleproject\sampleproject.tests.xunit\bin\debug\net8.0\sampleproject.xunit.dll" id="1a5e29b3-7ef1-5c3d-f997-77c67b0b2a38">
      <Execution id="eaddc261-ce78-4b3c-9a9e-38afa95c1920" />
      <TestMethod codeBase="C:\Dev\LiquidTestReports\test\SampleProject\SampleProject.Tests.xUnit\bin\Debug\net8.0\SampleProject.xUnit.dll" adapterTypeName="executor://xunit/VsTestRunner2/netcoreapp" className="SampleProject.NUnit.Attachment" name="AttachImage" />
    </UnitTest>
    <UnitTest name="SampleProject.xUnit.TestServiceTests.PassingTest" storage="c:\dev\liquidtestreports\test\sampleproject\sampleproject.tests.xunit\bin\debug\net8.0\sampleproject.xunit.dll" id="f1ad57ce-c1e1-68d8-f10c-211a14ef3768">
      <Execution id="a9d01fba-ec8f-4cf4-a2da-e77cbd02a6be" />
      <TestMethod codeBase="C:\Dev\LiquidTestReports\test\SampleProject\SampleProject.Tests.xUnit\bin\Debug\net8.0\SampleProject.xUnit.dll" adapterTypeName="executor://xunit/VsTestRunner2/netcoreapp" className="SampleProject.xUnit.TestServiceTests" name="PassingTest" />
    </UnitTest>
  </TestDefinitions>
  <TestEntries>
    <TestEntry testId="b8ede775-939f-1599-cdf5-655ae4036321" executionId="3ae13147-ac6f-4263-ba44-4d36f68564e5" testListId="8c84fa94-04c1-424b-9868-57a2d4851a1d" />
    <TestEntry testId="63207abc-d9b4-7a30-6461-919c9a06a2b6" executionId="7e84a950-a4a7-464a-b513-37b551b38749" testListId="8c84fa94-04c1-424b-9868-57a2d4851a1d" />
    <TestEntry testId="dc4d4b72-ac66-1bab-934d-d3322145984c" executionId="0c2306b6-ecab-4d93-a0da-a8b805f60855" testListId="8c84fa94-04c1-424b-9868-57a2d4851a1d" />
    <TestEntry testId="4eee5b76-ac5c-892d-7905-27554828341a" executionId="6764dbde-6745-4fb5-b422-b02b989fa29f" testListId="8c84fa94-04c1-424b-9868-57a2d4851a1d" />
    <TestEntry testId="1a5e29b3-7ef1-5c3d-f997-77c67b0b2a38" executionId="eaddc261-ce78-4b3c-9a9e-38afa95c1920" testListId="8c84fa94-04c1-424b-9868-57a2d4851a1d" />
    <TestEntry testId="f1ad57ce-c1e1-68d8-f10c-211a14ef3768" executionId="a9d01fba-ec8f-4cf4-a2da-e77cbd02a6be" testListId="8c84fa94-04c1-424b-9868-57a2d4851a1d" />
    <TestEntry testId="2eb95158-b57c-2a18-89f9-5ccdf45dcabc" executionId="eff44e69-08b2-403e-95bf-6ab1fd386dc3" testListId="8c84fa94-04c1-424b-9868-57a2d4851a1d" />
  </TestEntries>
  <TestLists>
    <TestList name="Results Not in a List" id="8c84fa94-04c1-424b-9868-57a2d4851a1d" />
    <TestList name="All Loaded Results" id="19431567-8539-422a-85d7-44ee4e166bda" />
  </TestLists>
  <ResultSummary outcome="Failed">
    <Counters total="7" executed="6" passed="3" failed="3" error="0" timeout="0" aborted="0" inconclusive="0" passedButRunAborted="0" notRunnable="0" notExecuted="0" disconnected="0" warning="0" completed="0" inProgress="0" pending="0" />
    <Output>
      <StdOut>[xUnit.net 00:00:00.00] xUnit.net VSTest Adapter v2.8.2+699d445a1a (64-bit .NET 8.0.11)&#xD;
[xUnit.net 00:00:00.07]   Discovering: SampleProject.xUnit&#xD;
[xUnit.net 00:00:00.13]   Discovered:  SampleProject.xUnit&#xD;
[xUnit.net 00:00:00.13]   Starting:    SampleProject.xUnit&#xD;
[xUnit.net 00:00:00.17]       Skipped&#xD;
[xUnit.net 00:00:00.19]       System.Exception : Pretty good exception&#xD;
[xUnit.net 00:00:00.19]       Stack Trace:&#xD;
[xUnit.net 00:00:00.19]         C:\Dev\LiquidTestReports\test\SampleProject\SampleProject\TestService.cs(19,0): at SampleProject.TestService.GetException()&#xD;
[xUnit.net 00:00:00.19]         C:\Dev\LiquidTestReports\test\SampleProject\SampleProject.Tests.xUnit\TestServiceTests.cs(54,0): at SampleProject.xUnit.TestServiceTests.TestThrowingException()&#xD;
[xUnit.net 00:00:00.19]            at System.RuntimeMethodHandle.InvokeMethod(Object target, Void** arguments, Signature sig, Boolean isConstructor)&#xD;
[xUnit.net 00:00:00.19]            at System.Reflection.MethodBaseInvoker.InvokeWithNoArgs(Object obj, BindingFlags invokeAttr)&#xD;
[xUnit.net 00:00:00.20]       Output:&#xD;
[xUnit.net 00:00:00.20]         Running SampleProject.Tests.xUnit tests&#xD;
[xUnit.net 00:00:00.20]       Assert.Equal() Failure: Values differ&#xD;
[xUnit.net 00:00:00.20]       Expected: False&#xD;
[xUnit.net 00:00:00.20]       Actual:   True&#xD;
[xUnit.net 00:00:00.20]       Stack Trace:&#xD;
[xUnit.net 00:00:00.20]         C:\Dev\LiquidTestReports\test\SampleProject\SampleProject.Tests.xUnit\TestServiceTests.cs(29,0): at SampleProject.xUnit.TestServiceTests.TestTheory(Boolean expected)&#xD;
[xUnit.net 00:00:00.20]            at InvokeStub_TestServiceTests.TestTheory(Object, Span`1)&#xD;
[xUnit.net 00:00:00.20]            at System.Reflection.MethodBaseInvoker.InvokeWithOneArg(Object obj, BindingFlags invokeAttr, Binder binder, Object[] parameters, CultureInfo culture)&#xD;
[xUnit.net 00:00:00.20]       Output:&#xD;
[xUnit.net 00:00:00.20]         Running SampleProject.Tests.xUnit tests&#xD;
[xUnit.net 00:00:00.20]       Assert.True() Failure&#xD;
[xUnit.net 00:00:00.20]       Expected: True&#xD;
[xUnit.net 00:00:00.20]       Actual:   False&#xD;
[xUnit.net 00:00:00.20]       Stack Trace:&#xD;
[xUnit.net 00:00:00.20]         C:\Dev\LiquidTestReports\test\SampleProject\SampleProject.Tests.xUnit\TestServiceTests.cs(65,0): at SampleProject.xUnit.TestServiceTests.FailTest()&#xD;
[xUnit.net 00:00:00.20]            at System.RuntimeMethodHandle.InvokeMethod(Object target, Void** arguments, Signature sig, Boolean isConstructor)&#xD;
[xUnit.net 00:00:00.20]            at System.Reflection.MethodBaseInvoker.InvokeWithNoArgs(Object obj, BindingFlags invokeAttr)&#xD;
[xUnit.net 00:00:00.20]       Output:&#xD;
[xUnit.net 00:00:00.20]         Running SampleProject.Tests.xUnit tests&#xD;
[xUnit.net 00:00:00.20]         This test will fail&#xD;
[xUnit.net 00:00:00.21]   Finished:    SampleProject.xUnit&#xD;
Test 'SampleProject.xUnit.TestServiceTests.SkipTest' was skipped in the test run.&#xD;
</StdOut>
    </Output>
    <RunInfos>
      <RunInfo computerName="DESKTOP" outcome="Warning" timestamp="2024-11-14T17:13:23.4476749+10:00">
        <Text>[xUnit.net 00:00:00.17]     SampleProject.xUnit.TestServiceTests.SkipTest [SKIP]</Text>
      </RunInfo>
      <RunInfo computerName="DESKTOP" outcome="Error" timestamp="2024-11-14T17:13:23.4697685+10:00">
        <Text>[xUnit.net 00:00:00.19]     SampleProject.xUnit.TestServiceTests.TestThrowingException [FAIL]</Text>
      </RunInfo>
      <RunInfo computerName="DESKTOP" outcome="Error" timestamp="2024-11-14T17:13:23.4790288+10:00">
        <Text>[xUnit.net 00:00:00.20]     SampleProject.xUnit.TestServiceTests.TestTheory(expected: False) [FAIL]</Text>
      </RunInfo>
      <RunInfo computerName="DESKTOP" outcome="Error" timestamp="2024-11-14T17:13:23.4804555+10:00">
        <Text>[xUnit.net 00:00:00.20]     SampleProject.xUnit.TestServiceTests.FailTest [FAIL]</Text>
      </RunInfo>
    </RunInfos>
  </ResultSummary>
</TestRun>