<?xml version="1.0" encoding="utf-8"?>
<TestRun id="b37d64e9-397e-4d30-bd2b-c6ac03f2fa5d" name="kurt@DESKTOP 2024-02-22 08:34:38"
  runUser="DESKTOP\kurt" xmlns="http://microsoft.com/schemas/VisualStudio/TeamTest/2010">
  <Times creation="2024-02-22T08:34:38.1420857+10:00" queuing="2024-02-22T08:34:38.1420860+10:00"
    start="2024-02-22T08:34:37.3395639+10:00" finish="2024-02-22T08:34:38.1565759+10:00" />
  <TestSettings name="default" id="a3904bd5-700c-4ec5-8beb-8005342c83be">
    <Deployment runDeploymentRoot="DESKTOP_2024-02-22_08_34_38" />
  </TestSettings>
  <Results>
    <UnitTestResult executionId="d13cf0d6-1768-4b76-9292-d69c79dfa108"
      testId="63207abc-d9b4-7a30-6461-919c9a06a2b6"
      testName="SampleProject.xUnit.TestServiceTests.SkipTest" computerName="DESKTOP"
      duration="00:00:00.0010000" startTime="2024-02-22T08:34:37.9763003+10:00"
      endTime="2024-02-22T08:34:37.9763194+10:00" testType="13cdc9d9-ddb5-4fa4-a97d-d965ccfc6d4b"
      outcome="NotExecuted" testListId="8c84fa94-04c1-424b-9868-57a2d4851a1d"
      relativeResultsDirectory="d13cf0d6-1768-4b76-9292-d69c79dfa108">
      <Output>
        <ErrorInfo>
          <Message>Skipped</Message>
        </ErrorInfo>
      </Output>
    </UnitTestResult>
    <UnitTestResult executionId="ecbe26da-9ef4-4508-8235-28ca4cd75f50"
      testId="f1ad57ce-c1e1-68d8-f10c-211a14ef3768"
      testName="SampleProject.xUnit.TestServiceTests.PassingTest" computerName="DESKTOP"
      duration="00:00:00.0002209" startTime="2024-02-22T08:34:38.0128257+10:00"
      endTime="2024-02-22T08:34:38.0128257+10:00" testType="13cdc9d9-ddb5-4fa4-a97d-d965ccfc6d4b"
      outcome="Passed" testListId="8c84fa94-04c1-424b-9868-57a2d4851a1d"
      relativeResultsDirectory="ecbe26da-9ef4-4508-8235-28ca4cd75f50">
      <Output>
        <StdOut>Running SampleProject.Tests.xUnit tests</StdOut>
      </Output>
    </UnitTestResult>
    <UnitTestResult executionId="8af4be9e-e705-4d3c-82b1-df0992ef6efa"
      testId="dc4d4b72-ac66-1bab-934d-d3322145984c"
      testName="SampleProject.xUnit.TestServiceTests.TestTheory(expected: True)"
      computerName="DESKTOP" duration="00:00:00.0038212"
      startTime="2024-02-22T08:34:38.0117841+10:00" endTime="2024-02-22T08:34:38.0117842+10:00"
      testType="13cdc9d9-ddb5-4fa4-a97d-d965ccfc6d4b" outcome="Passed"
      testListId="8c84fa94-04c1-424b-9868-57a2d4851a1d"
      relativeResultsDirectory="8af4be9e-e705-4d3c-82b1-df0992ef6efa">
      <Output>
        <StdOut>Running SampleProject.Tests.xUnit tests</StdOut>
      </Output>
    </UnitTestResult>
    <UnitTestResult executionId="b8f5b8a0-77b4-40f1-bd20-68257af163ee"
      testId="4eee5b76-ac5c-892d-7905-27554828341a"
      testName="SampleProject.xUnit.TestServiceTests.TestTheory(expected: False)"
      computerName="DESKTOP" duration="00:00:00.0018473"
      startTime="2024-02-22T08:34:38.0127547+10:00" endTime="2024-02-22T08:34:38.0127548+10:00"
      testType="13cdc9d9-ddb5-4fa4-a97d-d965ccfc6d4b" outcome="Failed"
      testListId="8c84fa94-04c1-424b-9868-57a2d4851a1d"
      relativeResultsDirectory="b8f5b8a0-77b4-40f1-bd20-68257af163ee">
      <Output>
        <StdOut>Running SampleProject.Tests.xUnit tests</StdOut>
        <ErrorInfo>
          <Message>Assert.Equal() Failure: Values differ&#xD;
            Expected: False&#xD;
            Actual: True</Message>
          <StackTrace> at SampleProject.xUnit.TestServiceTests.TestTheory(Boolean expected) in
            C:\Dev\LiquidTestReports\test\SampleProject\SampleProject.Tests.xUnit\TestServiceTests.cs:line
            29</StackTrace>
        </ErrorInfo>
      </Output>
    </UnitTestResult>
    <UnitTestResult executionId="d84a7d9b-7106-464b-bf3f-16a1ee167968"
      testId="b8ede775-939f-1599-cdf5-655ae4036321"
      testName="SampleProject.xUnit.TestServiceTests.FailTest" computerName="DESKTOP"
      duration="00:00:00.0006019" startTime="2024-02-22T08:34:38.0143113+10:00"
      endTime="2024-02-22T08:34:38.0143115+10:00" testType="13cdc9d9-ddb5-4fa4-a97d-d965ccfc6d4b"
      outcome="Failed" testListId="8c84fa94-04c1-424b-9868-57a2d4851a1d"
      relativeResultsDirectory="d84a7d9b-7106-464b-bf3f-16a1ee167968">
      <Output>
        <StdOut>Running SampleProject.Tests.xUnit tests&#xD;
          This test will fail</StdOut>
        <ErrorInfo>
          <Message>Assert.True() Failure&#xD;
            Expected: True&#xD;
            Actual: False</Message>
          <StackTrace> at SampleProject.xUnit.TestServiceTests.FailTest() in
            C:\Dev\LiquidTestReports\test\SampleProject\SampleProject.Tests.xUnit\TestServiceTests.cs:line
            65</StackTrace>
        </ErrorInfo>
      </Output>
    </UnitTestResult>
    <UnitTestResult executionId="d47eef0f-c27d-41ff-8b5b-4ea74c9581ab"
      testId="2eb95158-b57c-2a18-89f9-5ccdf45dcabc"
      testName="SampleProject.xUnit.TestServiceTests.TestThrowingException"
      computerName="DESKTOP" duration="00:00:00.0061520"
      startTime="2024-02-22T08:34:38.0115808+10:00" endTime="2024-02-22T08:34:38.0115810+10:00"
      testType="13cdc9d9-ddb5-4fa4-a97d-d965ccfc6d4b" outcome="Failed"
      testListId="8c84fa94-04c1-424b-9868-57a2d4851a1d"
      relativeResultsDirectory="d47eef0f-c27d-41ff-8b5b-4ea74c9581ab">
      <Output>
        <StdOut>Running SampleProject.Tests.xUnit tests</StdOut>
        <ErrorInfo>
          <Message>System.Exception : Pretty good exception</Message>
          <StackTrace> at SampleProject.TestService.GetException() in
            C:\Dev\LiquidTestReports\test\SampleProject\SampleProject\TestService.cs:line 19&#xD;
            at SampleProject.xUnit.TestServiceTests.TestThrowingException() in
            C:\Dev\LiquidTestReports\test\SampleProject\SampleProject.Tests.xUnit\TestServiceTests.cs:line
            54</StackTrace>
        </ErrorInfo>
      </Output>
    </UnitTestResult>
    <UnitTestResult executionId="f5e445f4-b9ac-4f8f-af63-2bc4102056e0"
      testId="1a5e29b3-7ef1-5c3d-f997-77c67b0b2a38"
      testName="SampleProject.NUnit.Attachment.AttachImage" computerName="DESKTOP"
      duration="00:00:00.0043215" startTime="2024-02-22T08:34:37.9911702+10:00"
      endTime="2024-02-22T08:34:37.9911705+10:00" testType="13cdc9d9-ddb5-4fa4-a97d-d965ccfc6d4b"
      outcome="Passed" testListId="8c84fa94-04c1-424b-9868-57a2d4851a1d"
      relativeResultsDirectory="f5e445f4-b9ac-4f8f-af63-2bc4102056e0">
      <Output>
        <StdOut>Not actually an attachment, just a placeholder to make the results the same.</StdOut>
      </Output>
    </UnitTestResult>
  </Results>
  <TestDefinitions>
    <UnitTest name="SampleProject.xUnit.TestServiceTests.SkipTest"
      storage="c:\dev\liquidtestreports\test\sampleproject\sampleproject.tests.xunit\bin\debug\net6.0\sampleproject.xunit.dll"
      id="63207abc-d9b4-7a30-6461-919c9a06a2b6">
      <Execution id="d13cf0d6-1768-4b76-9292-d69c79dfa108" />
      <TestMethod
        codeBase="C:\Dev\LiquidTestReports\test\SampleProject\SampleProject.Tests.xUnit\bin\Debug\net6.0\SampleProject.xUnit.dll"
        adapterTypeName="executor://xunit/VsTestRunner2/netcoreapp"
        className="SampleProject.xUnit.TestServiceTests" name="SkipTest" />
    </UnitTest>
    <UnitTest name="SampleProject.xUnit.TestServiceTests.TestTheory(expected: True)"
      storage="c:\dev\liquidtestreports\test\sampleproject\sampleproject.tests.xunit\bin\debug\net6.0\sampleproject.xunit.dll"
      id="dc4d4b72-ac66-1bab-934d-d3322145984c">
      <Execution id="8af4be9e-e705-4d3c-82b1-df0992ef6efa" />
      <TestMethod
        codeBase="C:\Dev\LiquidTestReports\test\SampleProject\SampleProject.Tests.xUnit\bin\Debug\net6.0\SampleProject.xUnit.dll"
        adapterTypeName="executor://xunit/VsTestRunner2/netcoreapp"
        className="SampleProject.xUnit.TestServiceTests" name="TestTheory" />
    </UnitTest>
    <UnitTest name="SampleProject.xUnit.TestServiceTests.TestThrowingException"
      storage="c:\dev\liquidtestreports\test\sampleproject\sampleproject.tests.xunit\bin\debug\net6.0\sampleproject.xunit.dll"
      id="2eb95158-b57c-2a18-89f9-5ccdf45dcabc">
      <Execution id="d47eef0f-c27d-41ff-8b5b-4ea74c9581ab" />
      <TestMethod
        codeBase="C:\Dev\LiquidTestReports\test\SampleProject\SampleProject.Tests.xUnit\bin\Debug\net6.0\SampleProject.xUnit.dll"
        adapterTypeName="executor://xunit/VsTestRunner2/netcoreapp"
        className="SampleProject.xUnit.TestServiceTests" name="TestThrowingException" />
    </UnitTest>
    <UnitTest name="SampleProject.xUnit.TestServiceTests.FailTest"
      storage="c:\dev\liquidtestreports\test\sampleproject\sampleproject.tests.xunit\bin\debug\net6.0\sampleproject.xunit.dll"
      id="b8ede775-939f-1599-cdf5-655ae4036321">
      <Execution id="d84a7d9b-7106-464b-bf3f-16a1ee167968" />
      <TestMethod
        codeBase="C:\Dev\LiquidTestReports\test\SampleProject\SampleProject.Tests.xUnit\bin\Debug\net6.0\SampleProject.xUnit.dll"
        adapterTypeName="executor://xunit/VsTestRunner2/netcoreapp"
        className="SampleProject.xUnit.TestServiceTests" name="FailTest" />
    </UnitTest>
    <UnitTest name="SampleProject.xUnit.TestServiceTests.TestTheory(expected: False)"
      storage="c:\dev\liquidtestreports\test\sampleproject\sampleproject.tests.xunit\bin\debug\net6.0\sampleproject.xunit.dll"
      id="4eee5b76-ac5c-892d-7905-27554828341a">
      <Execution id="b8f5b8a0-77b4-40f1-bd20-68257af163ee" />
      <TestMethod
        codeBase="C:\Dev\LiquidTestReports\test\SampleProject\SampleProject.Tests.xUnit\bin\Debug\net6.0\SampleProject.xUnit.dll"
        adapterTypeName="executor://xunit/VsTestRunner2/netcoreapp"
        className="SampleProject.xUnit.TestServiceTests" name="TestTheory" />
    </UnitTest>
    <UnitTest name="SampleProject.NUnit.Attachment.AttachImage"
      storage="c:\dev\liquidtestreports\test\sampleproject\sampleproject.tests.xunit\bin\debug\net6.0\sampleproject.xunit.dll"
      id="1a5e29b3-7ef1-5c3d-f997-77c67b0b2a38">
      <Execution id="f5e445f4-b9ac-4f8f-af63-2bc4102056e0" />
      <TestMethod
        codeBase="C:\Dev\LiquidTestReports\test\SampleProject\SampleProject.Tests.xUnit\bin\Debug\net6.0\SampleProject.xUnit.dll"
        adapterTypeName="executor://xunit/VsTestRunner2/netcoreapp"
        className="SampleProject.NUnit.Attachment" name="AttachImage" />
    </UnitTest>
    <UnitTest name="SampleProject.xUnit.TestServiceTests.PassingTest"
      storage="c:\dev\liquidtestreports\test\sampleproject\sampleproject.tests.xunit\bin\debug\net6.0\sampleproject.xunit.dll"
      id="f1ad57ce-c1e1-68d8-f10c-211a14ef3768">
      <Execution id="ecbe26da-9ef4-4508-8235-28ca4cd75f50" />
      <TestMethod
        codeBase="C:\Dev\LiquidTestReports\test\SampleProject\SampleProject.Tests.xUnit\bin\Debug\net6.0\SampleProject.xUnit.dll"
        adapterTypeName="executor://xunit/VsTestRunner2/netcoreapp"
        className="SampleProject.xUnit.TestServiceTests" name="PassingTest" />
    </UnitTest>
  </TestDefinitions>
  <TestEntries>
    <TestEntry testId="63207abc-d9b4-7a30-6461-919c9a06a2b6"
      executionId="d13cf0d6-1768-4b76-9292-d69c79dfa108"
      testListId="8c84fa94-04c1-424b-9868-57a2d4851a1d" />
    <TestEntry testId="f1ad57ce-c1e1-68d8-f10c-211a14ef3768"
      executionId="ecbe26da-9ef4-4508-8235-28ca4cd75f50"
      testListId="8c84fa94-04c1-424b-9868-57a2d4851a1d" />
    <TestEntry testId="dc4d4b72-ac66-1bab-934d-d3322145984c"
      executionId="8af4be9e-e705-4d3c-82b1-df0992ef6efa"
      testListId="8c84fa94-04c1-424b-9868-57a2d4851a1d" />
    <TestEntry testId="4eee5b76-ac5c-892d-7905-27554828341a"
      executionId="b8f5b8a0-77b4-40f1-bd20-68257af163ee"
      testListId="8c84fa94-04c1-424b-9868-57a2d4851a1d" />
    <TestEntry testId="b8ede775-939f-1599-cdf5-655ae4036321"
      executionId="d84a7d9b-7106-464b-bf3f-16a1ee167968"
      testListId="8c84fa94-04c1-424b-9868-57a2d4851a1d" />
    <TestEntry testId="2eb95158-b57c-2a18-89f9-5ccdf45dcabc"
      executionId="d47eef0f-c27d-41ff-8b5b-4ea74c9581ab"
      testListId="8c84fa94-04c1-424b-9868-57a2d4851a1d" />
    <TestEntry testId="1a5e29b3-7ef1-5c3d-f997-77c67b0b2a38"
      executionId="f5e445f4-b9ac-4f8f-af63-2bc4102056e0"
      testListId="8c84fa94-04c1-424b-9868-57a2d4851a1d" />
  </TestEntries>
  <TestLists>
    <TestList name="Results Not in a List" id="8c84fa94-04c1-424b-9868-57a2d4851a1d" />
    <TestList name="All Loaded Results" id="19431567-8539-422a-85d7-44ee4e166bda" />
  </TestLists>
  <ResultSummary outcome="Failed">
    <Counters total="7" executed="6" passed="3" failed="3" error="0" timeout="0" aborted="0"
      inconclusive="0" passedButRunAborted="0" notRunnable="0" notExecuted="0" disconnected="0"
      warning="0" completed="0" inProgress="0" pending="0" />
    <Output>
      <StdOut>[xUnit.net 00:00:00.00] xUnit.net VSTest Adapter v2.5.7+8f2703126a (64-bit .NET
        6.0.27)&#xD;
        [xUnit.net 00:00:00.09] Discovering: SampleProject.xUnit&#xD;
        [xUnit.net 00:00:00.14] Discovered: SampleProject.xUnit&#xD;
        [xUnit.net 00:00:00.15] Starting: SampleProject.xUnit&#xD;
        [xUnit.net 00:00:00.19] Skipped&#xD;
        [xUnit.net 00:00:00.22] System.Exception : Pretty good exception&#xD;
        [xUnit.net 00:00:00.22] Stack Trace:&#xD;
        [xUnit.net 00:00:00.22]
        C:\Dev\LiquidTestReports\test\SampleProject\SampleProject\TestService.cs(19,0): at
        SampleProject.TestService.GetException()&#xD;
        [xUnit.net 00:00:00.22]
        C:\Dev\LiquidTestReports\test\SampleProject\SampleProject.Tests.xUnit\TestServiceTests.cs(54,0):
        at SampleProject.xUnit.TestServiceTests.TestThrowingException()&#xD;
        [xUnit.net 00:00:00.22] Output:&#xD;
        [xUnit.net 00:00:00.22] Running SampleProject.Tests.xUnit tests&#xD;
        [xUnit.net 00:00:00.22] Assert.Equal() Failure: Values differ&#xD;
        [xUnit.net 00:00:00.22] Expected: False&#xD;
        [xUnit.net 00:00:00.22] Actual: True&#xD;
        [xUnit.net 00:00:00.22] Stack Trace:&#xD;
        [xUnit.net 00:00:00.22]
        C:\Dev\LiquidTestReports\test\SampleProject\SampleProject.Tests.xUnit\TestServiceTests.cs(29,0):
        at SampleProject.xUnit.TestServiceTests.TestTheory(Boolean expected)&#xD;
        [xUnit.net 00:00:00.22] Output:&#xD;
        [xUnit.net 00:00:00.22] Running SampleProject.Tests.xUnit tests&#xD;
        [xUnit.net 00:00:00.23] Assert.True() Failure&#xD;
        [xUnit.net 00:00:00.23] Expected: True&#xD;
        [xUnit.net 00:00:00.23] Actual: False&#xD;
        [xUnit.net 00:00:00.23] Stack Trace:&#xD;
        [xUnit.net 00:00:00.23]
        C:\Dev\LiquidTestReports\test\SampleProject\SampleProject.Tests.xUnit\TestServiceTests.cs(65,0):
        at SampleProject.xUnit.TestServiceTests.FailTest()&#xD;
        [xUnit.net 00:00:00.23] Output:&#xD;
        [xUnit.net 00:00:00.23] Running SampleProject.Tests.xUnit tests&#xD;
        [xUnit.net 00:00:00.23] This test will fail&#xD;
        [xUnit.net 00:00:00.23] Finished: SampleProject.xUnit&#xD;
        Test 'SampleProject.xUnit.TestServiceTests.SkipTest' was skipped in the test run.&#xD;
      </StdOut>
    </Output>
    <RunInfos>
      <RunInfo computerName="DESKTOP" outcome="Warning"
        timestamp="2024-02-22T08:34:37.9754492+10:00">
        <Text>[xUnit.net 00:00:00.19] SampleProject.xUnit.TestServiceTests.SkipTest [SKIP]</Text>
      </RunInfo>
      <RunInfo computerName="DESKTOP" outcome="Error"
        timestamp="2024-02-22T08:34:38.0073992+10:00">
        <Text>[xUnit.net 00:00:00.22] SampleProject.xUnit.TestServiceTests.TestThrowingException
          [FAIL]</Text>
      </RunInfo>
      <RunInfo computerName="DESKTOP" outcome="Error"
        timestamp="2024-02-22T08:34:38.0127044+10:00">
        <Text>[xUnit.net 00:00:00.22] SampleProject.xUnit.TestServiceTests.TestTheory(expected:
          False) [FAIL]</Text>
      </RunInfo>
      <RunInfo computerName="DESKTOP" outcome="Error"
        timestamp="2024-02-22T08:34:38.0140661+10:00">
        <Text>[xUnit.net 00:00:00.23] SampleProject.xUnit.TestServiceTests.FailTest [FAIL]</Text>
      </RunInfo>
    </RunInfos>
  </ResultSummary>
</TestRun>