<?xml version="1.0" encoding="utf-8"?>
<TestRun id="b0ae9b9b-57ec-4323-89bf-9bcfa514cccb" name="kurt@DESKTOP 2024-02-22 08:34:26"
  runUser="DESKTOP\kurt" xmlns="http://microsoft.com/schemas/VisualStudio/TeamTest/2010">
  <Times creation="2024-02-22T08:34:26.7099015+10:00" queuing="2024-02-22T08:34:26.7099017+10:00"
    start="2024-02-22T08:34:26.0071108+10:00" finish="2024-02-22T08:34:26.7273270+10:00" />
  <TestSettings name="default" id="7b5fa15e-4016-4539-b389-bb81b4b3deb6">
    <Deployment runDeploymentRoot="DESKTOP_2024-02-22_08_34_26" />
  </TestSettings>
  <Results>
    <UnitTestResult executionId="645bfb49-7d5a-423d-91a0-c204f1e36177"
      testId="dc4d4b72-ac66-1bab-934d-d3322145984c"
      testName="SampleProject.xUnit.TestServiceTests.TestTheory(expected: True)"
      computerName="DESKTOP" duration="00:00:00.0031800"
      startTime="2024-02-22T08:34:26.5660244+10:00" endTime="2024-02-22T08:34:26.5660245+10:00"
      testType="13cdc9d9-ddb5-4fa4-a97d-d965ccfc6d4b" outcome="Passed"
      testListId="8c84fa94-04c1-424b-9868-57a2d4851a1d"
      relativeResultsDirectory="645bfb49-7d5a-423d-91a0-c204f1e36177">
      <Output>
        <StdOut>Running SampleProject.Tests.xUnit tests</StdOut>
      </Output>
    </UnitTestResult>
    <UnitTestResult executionId="53b86628-538e-4b71-a5cb-7e6693a0ebdf"
      testId="4eee5b76-ac5c-892d-7905-27554828341a"
      testName="SampleProject.xUnit.TestServiceTests.TestTheory(expected: False)"
      computerName="DESKTOP" duration="00:00:00.0015374"
      startTime="2024-02-22T08:34:26.5696176+10:00" endTime="2024-02-22T08:34:26.5696179+10:00"
      testType="13cdc9d9-ddb5-4fa4-a97d-d965ccfc6d4b" outcome="Failed"
      testListId="8c84fa94-04c1-424b-9868-57a2d4851a1d"
      relativeResultsDirectory="53b86628-538e-4b71-a5cb-7e6693a0ebdf">
      <Output>
        <StdOut>Running SampleProject.Tests.xUnit tests</StdOut>
        <ErrorInfo>
          <Message>Assert.Equal() Failure: Values differ&#xD;
            Expected: False&#xD;
            Actual: True</Message>
          <StackTrace> at SampleProject.xUnit.TestServiceTests.TestTheory(Boolean expected) in
            C:\Dev\LiquidTestReports\test\SampleProject\SampleProject.Tests.xUnit\TestServiceTests.cs:line
            29&#xD;
            at InvokeStub_TestServiceTests.TestTheory(Object, Span`1)&#xD;
            at System.Reflection.MethodBaseInvoker.InvokeWithOneArg(Object obj, BindingFlags
            invokeAttr, Binder binder, Object[] parameters, CultureInfo culture)</StackTrace>
        </ErrorInfo>
      </Output>
    </UnitTestResult>
    <UnitTestResult executionId="a1e88f00-a3bd-4d83-bb09-4bf288b46c3e"
      testId="b8ede775-939f-1599-cdf5-655ae4036321"
      testName="SampleProject.xUnit.TestServiceTests.FailTest" computerName="DESKTOP"
      duration="00:00:00.0004655" startTime="2024-02-22T08:34:26.5707322+10:00"
      endTime="2024-02-22T08:34:26.5707324+10:00" testType="13cdc9d9-ddb5-4fa4-a97d-d965ccfc6d4b"
      outcome="Failed" testListId="8c84fa94-04c1-424b-9868-57a2d4851a1d"
      relativeResultsDirectory="a1e88f00-a3bd-4d83-bb09-4bf288b46c3e">
      <Output>
        <StdOut>Running SampleProject.Tests.xUnit tests&#xD;
          This test will fail</StdOut>
        <ErrorInfo>
          <Message>Assert.True() Failure&#xD;
            Expected: True&#xD;
            Actual: False</Message>
          <StackTrace> at SampleProject.xUnit.TestServiceTests.FailTest() in
            C:\Dev\LiquidTestReports\test\SampleProject\SampleProject.Tests.xUnit\TestServiceTests.cs:line
            65&#xD;
            at System.RuntimeMethodHandle.InvokeMethod(Object target, Void** arguments, Signature
            sig, Boolean isConstructor)&#xD;
            at System.Reflection.MethodBaseInvoker.InvokeWithNoArgs(Object obj, BindingFlags
            invokeAttr)</StackTrace>
        </ErrorInfo>
      </Output>
    </UnitTestResult>
    <UnitTestResult executionId="546247ef-588a-4d73-b144-1093f3729d49"
      testId="2eb95158-b57c-2a18-89f9-5ccdf45dcabc"
      testName="SampleProject.xUnit.TestServiceTests.TestThrowingException"
      computerName="DESKTOP" duration="00:00:00.0029985"
      startTime="2024-02-22T08:34:26.5658097+10:00" endTime="2024-02-22T08:34:26.5658099+10:00"
      testType="13cdc9d9-ddb5-4fa4-a97d-d965ccfc6d4b" outcome="Failed"
      testListId="8c84fa94-04c1-424b-9868-57a2d4851a1d"
      relativeResultsDirectory="546247ef-588a-4d73-b144-1093f3729d49">
      <Output>
        <StdOut>Running SampleProject.Tests.xUnit tests</StdOut>
        <ErrorInfo>
          <Message>System.Exception : Pretty good exception</Message>
          <StackTrace> at SampleProject.TestService.GetException() in
            C:\Dev\LiquidTestReports\test\SampleProject\SampleProject\TestService.cs:line 19&#xD;
            at SampleProject.xUnit.TestServiceTests.TestThrowingException() in
            C:\Dev\LiquidTestReports\test\SampleProject\SampleProject.Tests.xUnit\TestServiceTests.cs:line
            54&#xD;
            at System.RuntimeMethodHandle.InvokeMethod(Object target, Void** arguments, Signature
            sig, Boolean isConstructor)&#xD;
            at System.Reflection.MethodBaseInvoker.InvokeWithNoArgs(Object obj, BindingFlags
            invokeAttr)</StackTrace>
        </ErrorInfo>
      </Output>
    </UnitTestResult>
    <UnitTestResult executionId="01305808-ac6b-46a2-997e-69b660551916"
      testId="63207abc-d9b4-7a30-6461-919c9a06a2b6"
      testName="SampleProject.xUnit.TestServiceTests.SkipTest" computerName="DESKTOP"
      duration="00:00:00.0010000" startTime="2024-02-22T08:34:26.5482885+10:00"
      endTime="2024-02-22T08:34:26.5483126+10:00" testType="13cdc9d9-ddb5-4fa4-a97d-d965ccfc6d4b"
      outcome="NotExecuted" testListId="8c84fa94-04c1-424b-9868-57a2d4851a1d"
      relativeResultsDirectory="01305808-ac6b-46a2-997e-69b660551916">
      <Output>
        <ErrorInfo>
          <Message>Skipped</Message>
        </ErrorInfo>
      </Output>
    </UnitTestResult>
    <UnitTestResult executionId="e4463abc-b623-43e0-a64c-daaf9d2ddfc7"
      testId="1a5e29b3-7ef1-5c3d-f997-77c67b0b2a38"
      testName="SampleProject.NUnit.Attachment.AttachImage" computerName="DESKTOP"
      duration="00:00:00.0024103" startTime="2024-02-22T08:34:26.5580976+10:00"
      endTime="2024-02-22T08:34:26.5580979+10:00" testType="13cdc9d9-ddb5-4fa4-a97d-d965ccfc6d4b"
      outcome="Passed" testListId="8c84fa94-04c1-424b-9868-57a2d4851a1d"
      relativeResultsDirectory="e4463abc-b623-43e0-a64c-daaf9d2ddfc7">
      <Output>
        <StdOut>Not actually an attachment, just a placeholder to make the results the same.</StdOut>
      </Output>
    </UnitTestResult>
    <UnitTestResult executionId="29699c7f-de98-463f-ac00-ece100693db3"
      testId="f1ad57ce-c1e1-68d8-f10c-211a14ef3768"
      testName="SampleProject.xUnit.TestServiceTests.PassingTest" computerName="DESKTOP"
      duration="00:00:00.0002184" startTime="2024-02-22T08:34:26.5697467+10:00"
      endTime="2024-02-22T08:34:26.5697468+10:00" testType="13cdc9d9-ddb5-4fa4-a97d-d965ccfc6d4b"
      outcome="Passed" testListId="8c84fa94-04c1-424b-9868-57a2d4851a1d"
      relativeResultsDirectory="29699c7f-de98-463f-ac00-ece100693db3">
      <Output>
        <StdOut>Running SampleProject.Tests.xUnit tests</StdOut>
      </Output>
    </UnitTestResult>
  </Results>
  <TestDefinitions>
    <UnitTest name="SampleProject.xUnit.TestServiceTests.SkipTest"
      storage="c:\dev\liquidtestreports\test\sampleproject\sampleproject.tests.xunit\bin\debug\net8.0\sampleproject.xunit.dll"
      id="63207abc-d9b4-7a30-6461-919c9a06a2b6">
      <Execution id="01305808-ac6b-46a2-997e-69b660551916" />
      <TestMethod
        codeBase="C:\Dev\LiquidTestReports\test\SampleProject\SampleProject.Tests.xUnit\bin\Debug\net8.0\SampleProject.xUnit.dll"
        adapterTypeName="executor://xunit/VsTestRunner2/netcoreapp"
        className="SampleProject.xUnit.TestServiceTests" name="SkipTest" />
    </UnitTest>
    <UnitTest name="SampleProject.xUnit.TestServiceTests.TestTheory(expected: True)"
      storage="c:\dev\liquidtestreports\test\sampleproject\sampleproject.tests.xunit\bin\debug\net8.0\sampleproject.xunit.dll"
      id="dc4d4b72-ac66-1bab-934d-d3322145984c">
      <Execution id="645bfb49-7d5a-423d-91a0-c204f1e36177" />
      <TestMethod
        codeBase="C:\Dev\LiquidTestReports\test\SampleProject\SampleProject.Tests.xUnit\bin\Debug\net8.0\SampleProject.xUnit.dll"
        adapterTypeName="executor://xunit/VsTestRunner2/netcoreapp"
        className="SampleProject.xUnit.TestServiceTests" name="TestTheory" />
    </UnitTest>
    <UnitTest name="SampleProject.xUnit.TestServiceTests.TestThrowingException"
      storage="c:\dev\liquidtestreports\test\sampleproject\sampleproject.tests.xunit\bin\debug\net8.0\sampleproject.xunit.dll"
      id="2eb95158-b57c-2a18-89f9-5ccdf45dcabc">
      <Execution id="546247ef-588a-4d73-b144-1093f3729d49" />
      <TestMethod
        codeBase="C:\Dev\LiquidTestReports\test\SampleProject\SampleProject.Tests.xUnit\bin\Debug\net8.0\SampleProject.xUnit.dll"
        adapterTypeName="executor://xunit/VsTestRunner2/netcoreapp"
        className="SampleProject.xUnit.TestServiceTests" name="TestThrowingException" />
    </UnitTest>
    <UnitTest name="SampleProject.xUnit.TestServiceTests.FailTest"
      storage="c:\dev\liquidtestreports\test\sampleproject\sampleproject.tests.xunit\bin\debug\net8.0\sampleproject.xunit.dll"
      id="b8ede775-939f-1599-cdf5-655ae4036321">
      <Execution id="a1e88f00-a3bd-4d83-bb09-4bf288b46c3e" />
      <TestMethod
        codeBase="C:\Dev\LiquidTestReports\test\SampleProject\SampleProject.Tests.xUnit\bin\Debug\net8.0\SampleProject.xUnit.dll"
        adapterTypeName="executor://xunit/VsTestRunner2/netcoreapp"
        className="SampleProject.xUnit.TestServiceTests" name="FailTest" />
    </UnitTest>
    <UnitTest name="SampleProject.xUnit.TestServiceTests.TestTheory(expected: False)"
      storage="c:\dev\liquidtestreports\test\sampleproject\sampleproject.tests.xunit\bin\debug\net8.0\sampleproject.xunit.dll"
      id="4eee5b76-ac5c-892d-7905-27554828341a">
      <Execution id="53b86628-538e-4b71-a5cb-7e6693a0ebdf" />
      <TestMethod
        codeBase="C:\Dev\LiquidTestReports\test\SampleProject\SampleProject.Tests.xUnit\bin\Debug\net8.0\SampleProject.xUnit.dll"
        adapterTypeName="executor://xunit/VsTestRunner2/netcoreapp"
        className="SampleProject.xUnit.TestServiceTests" name="TestTheory" />
    </UnitTest>
    <UnitTest name="SampleProject.NUnit.Attachment.AttachImage"
      storage="c:\dev\liquidtestreports\test\sampleproject\sampleproject.tests.xunit\bin\debug\net8.0\sampleproject.xunit.dll"
      id="1a5e29b3-7ef1-5c3d-f997-77c67b0b2a38">
      <Execution id="e4463abc-b623-43e0-a64c-daaf9d2ddfc7" />
      <TestMethod
        codeBase="C:\Dev\LiquidTestReports\test\SampleProject\SampleProject.Tests.xUnit\bin\Debug\net8.0\SampleProject.xUnit.dll"
        adapterTypeName="executor://xunit/VsTestRunner2/netcoreapp"
        className="SampleProject.NUnit.Attachment" name="AttachImage" />
    </UnitTest>
    <UnitTest name="SampleProject.xUnit.TestServiceTests.PassingTest"
      storage="c:\dev\liquidtestreports\test\sampleproject\sampleproject.tests.xunit\bin\debug\net8.0\sampleproject.xunit.dll"
      id="f1ad57ce-c1e1-68d8-f10c-211a14ef3768">
      <Execution id="29699c7f-de98-463f-ac00-ece100693db3" />
      <TestMethod
        codeBase="C:\Dev\LiquidTestReports\test\SampleProject\SampleProject.Tests.xUnit\bin\Debug\net8.0\SampleProject.xUnit.dll"
        adapterTypeName="executor://xunit/VsTestRunner2/netcoreapp"
        className="SampleProject.xUnit.TestServiceTests" name="PassingTest" />
    </UnitTest>
  </TestDefinitions>
  <TestEntries>
    <TestEntry testId="dc4d4b72-ac66-1bab-934d-d3322145984c"
      executionId="645bfb49-7d5a-423d-91a0-c204f1e36177"
      testListId="8c84fa94-04c1-424b-9868-57a2d4851a1d" />
    <TestEntry testId="4eee5b76-ac5c-892d-7905-27554828341a"
      executionId="53b86628-538e-4b71-a5cb-7e6693a0ebdf"
      testListId="8c84fa94-04c1-424b-9868-57a2d4851a1d" />
    <TestEntry testId="b8ede775-939f-1599-cdf5-655ae4036321"
      executionId="a1e88f00-a3bd-4d83-bb09-4bf288b46c3e"
      testListId="8c84fa94-04c1-424b-9868-57a2d4851a1d" />
    <TestEntry testId="2eb95158-b57c-2a18-89f9-5ccdf45dcabc"
      executionId="546247ef-588a-4d73-b144-1093f3729d49"
      testListId="8c84fa94-04c1-424b-9868-57a2d4851a1d" />
    <TestEntry testId="63207abc-d9b4-7a30-6461-919c9a06a2b6"
      executionId="01305808-ac6b-46a2-997e-69b660551916"
      testListId="8c84fa94-04c1-424b-9868-57a2d4851a1d" />
    <TestEntry testId="1a5e29b3-7ef1-5c3d-f997-77c67b0b2a38"
      executionId="e4463abc-b623-43e0-a64c-daaf9d2ddfc7"
      testListId="8c84fa94-04c1-424b-9868-57a2d4851a1d" />
    <TestEntry testId="f1ad57ce-c1e1-68d8-f10c-211a14ef3768"
      executionId="29699c7f-de98-463f-ac00-ece100693db3"
      testListId="8c84fa94-04c1-424b-9868-57a2d4851a1d" />
  </TestEntries>
  <TestLists>
    <TestList name="Results Not in a List" id="8c84fa94-04c1-424b-9868-57a2d4851a1d" />
    <TestList name="All Loaded Results" id="19431567-8539-422a-85d7-44ee4e166bda" />
  </TestLists>
  <ResultSummary outcome="Failed">
    <Counters total="7" executed="6" passed="3" failed="3" error="0" timeout="0" aborted="0"
      inconclusive="0" passedButRunAborted="0" notRunnable="0" notExecuted="0" disconnected="0"
      warning="0" completed="0" inProgress="0" pending="0" />
    <Output>
      <StdOut>[xUnit.net 00:00:00.00] xUnit.net VSTest Adapter v2.5.7+8f2703126a (64-bit .NET
        8.0.0)&#xD;
        [xUnit.net 00:00:00.07] Discovering: SampleProject.xUnit&#xD;
        [xUnit.net 00:00:00.12] Discovered: SampleProject.xUnit&#xD;
        [xUnit.net 00:00:00.12] Starting: SampleProject.xUnit&#xD;
        [xUnit.net 00:00:00.15] Skipped&#xD;
        [xUnit.net 00:00:00.17] System.Exception : Pretty good exception&#xD;
        [xUnit.net 00:00:00.17] Stack Trace:&#xD;
        [xUnit.net 00:00:00.17]
        C:\Dev\LiquidTestReports\test\SampleProject\SampleProject\TestService.cs(19,0): at
        SampleProject.TestService.GetException()&#xD;
        [xUnit.net 00:00:00.17]
        C:\Dev\LiquidTestReports\test\SampleProject\SampleProject.Tests.xUnit\TestServiceTests.cs(54,0):
        at SampleProject.xUnit.TestServiceTests.TestThrowingException()&#xD;
        [xUnit.net 00:00:00.17] at System.RuntimeMethodHandle.InvokeMethod(Object target, Void**
        arguments, Signature sig, Boolean isConstructor)&#xD;
        [xUnit.net 00:00:00.17] at System.Reflection.MethodBaseInvoker.InvokeWithNoArgs(Object obj,
        BindingFlags invokeAttr)&#xD;
        [xUnit.net 00:00:00.17] Output:&#xD;
        [xUnit.net 00:00:00.17] Running SampleProject.Tests.xUnit tests&#xD;
        [xUnit.net 00:00:00.17] Assert.Equal() Failure: Values differ&#xD;
        [xUnit.net 00:00:00.17] Expected: False&#xD;
        [xUnit.net 00:00:00.17] Actual: True&#xD;
        [xUnit.net 00:00:00.17] Stack Trace:&#xD;
        [xUnit.net 00:00:00.17]
        C:\Dev\LiquidTestReports\test\SampleProject\SampleProject.Tests.xUnit\TestServiceTests.cs(29,0):
        at SampleProject.xUnit.TestServiceTests.TestTheory(Boolean expected)&#xD;
        [xUnit.net 00:00:00.17] at InvokeStub_TestServiceTests.TestTheory(Object, Span`1)&#xD;
        [xUnit.net 00:00:00.17] at System.Reflection.MethodBaseInvoker.InvokeWithOneArg(Object obj,
        BindingFlags invokeAttr, Binder binder, Object[] parameters, CultureInfo culture)&#xD;
        [xUnit.net 00:00:00.17] Output:&#xD;
        [xUnit.net 00:00:00.17] Running SampleProject.Tests.xUnit tests&#xD;
        [xUnit.net 00:00:00.18] Assert.True() Failure&#xD;
        [xUnit.net 00:00:00.18] Expected: True&#xD;
        [xUnit.net 00:00:00.18] Actual: False&#xD;
        [xUnit.net 00:00:00.18] Stack Trace:&#xD;
        [xUnit.net 00:00:00.18]
        C:\Dev\LiquidTestReports\test\SampleProject\SampleProject.Tests.xUnit\TestServiceTests.cs(65,0):
        at SampleProject.xUnit.TestServiceTests.FailTest()&#xD;
        [xUnit.net 00:00:00.18] at System.RuntimeMethodHandle.InvokeMethod(Object target, Void**
        arguments, Signature sig, Boolean isConstructor)&#xD;
        [xUnit.net 00:00:00.18] at System.Reflection.MethodBaseInvoker.InvokeWithNoArgs(Object obj,
        BindingFlags invokeAttr)&#xD;
        [xUnit.net 00:00:00.18] Output:&#xD;
        [xUnit.net 00:00:00.18] Running SampleProject.Tests.xUnit tests&#xD;
        [xUnit.net 00:00:00.18] This test will fail&#xD;
        [xUnit.net 00:00:00.18] Finished: SampleProject.xUnit&#xD;
        Test 'SampleProject.xUnit.TestServiceTests.SkipTest' was skipped in the test run.&#xD;
      </StdOut>
    </Output>
    <RunInfos>
      <RunInfo computerName="DESKTOP" outcome="Warning"
        timestamp="2024-02-22T08:34:26.5475893+10:00">
        <Text>[xUnit.net 00:00:00.15] SampleProject.xUnit.TestServiceTests.SkipTest [SKIP]</Text>
      </RunInfo>
      <RunInfo computerName="DESKTOP" outcome="Error"
        timestamp="2024-02-22T08:34:26.5640175+10:00">
        <Text>[xUnit.net 00:00:00.17] SampleProject.xUnit.TestServiceTests.TestThrowingException
          [FAIL]</Text>
      </RunInfo>
      <RunInfo computerName="DESKTOP" outcome="Error"
        timestamp="2024-02-22T08:34:26.5692066+10:00">
        <Text>[xUnit.net 00:00:00.17] SampleProject.xUnit.TestServiceTests.TestTheory(expected:
          False) [FAIL]</Text>
      </RunInfo>
      <RunInfo computerName="DESKTOP" outcome="Error"
        timestamp="2024-02-22T08:34:26.5702207+10:00">
        <Text>[xUnit.net 00:00:00.18] SampleProject.xUnit.TestServiceTests.FailTest [FAIL]</Text>
      </RunInfo>
    </RunInfos>
  </ResultSummary>
</TestRun>